[2025-09-22 18:16:50] [device_AF8YVB1805003480] [INFO] 开始初始化设备：AF8YVB1805003480
[2025-09-22 18:16:50] [device_AF8YVB1805003480] [DEBUG] 设备AF8YVB1805003480在线状态：True
[2025-09-22 18:16:50] [device_AF8YVB1805003480] [INFO] 执行初始化命令：python -m uiautomator2 init AF8YVB1805003480
[2025-09-22 18:16:50] [device_AF8YVB1805003480] [DEBUG] uiautomator2 init 输出：[D 2025-09-22 18:16:50,851 core:254 pid:20560] file u2.jar md5: 3564c56e4ef077f92c0fd32bcb42aea1
[2025-09-22 18:16:50] [device_AF8YVB1805003480] [DEBUG] uiautomator2 init 输出：[D 2025-09-22 18:16:50,921 core:243 pid:20560] file u2.jar already pushed
[2025-09-22 18:16:50] [device_AF8YVB1805003480] [DEBUG] uiautomator2 init 输出：[D 2025-09-22 18:16:50,921 core:111 pid:20560] http request GET /ping None
[2025-09-22 18:16:50] [device_AF8YVB1805003480] [DEBUG] uiautomator2 init 输出：[D 2025-09-22 18:16:50,951 core:71 pid:20560] launch uiautomator with cmd: CLASSPATH=/data/local/tmp/u2.jar app_process / com.wetest.uia2.Main
[2025-09-22 18:16:50] [device_AF8YVB1805003480] [DEBUG] uiautomator2 init 输出：[D 2025-09-22 18:16:50,974 core:111 pid:20560] http request GET /ping None
[2025-09-22 18:16:51] [device_AF8YVB1805003480] [DEBUG] uiautomator2 init 输出：[D 2025-09-22 18:16:51,504 core:111 pid:20560] http request GET /ping None
[2025-09-22 18:16:51] [device_AF8YVB1805003480] [DEBUG] uiautomator2 init 输出：[D 2025-09-22 18:16:51,623 core:39 pid:20560] MockAdbProcess: b'[server] INFO: [UiAutomator2Server] Starting Server\n'
[2025-09-22 18:16:51] [device_AF8YVB1805003480] [DEBUG] uiautomator2 init 输出：[D 2025-09-22 18:16:51,801 core:39 pid:20560] MockAdbProcess: b'SLF4J: Failed to load class "org.slf4j.impl.StaticLoggerBinder".\nSLF4J: Defaulting to no-operation (NOP) logger implementation\nSLF4J: See http://www.slf4j.org/codes.html#StaticLoggerBinder for further details.\n'
[2025-09-22 18:16:51] [device_AF8YVB1805003480] [DEBUG] uiautomator2 init 输出：[D 2025-09-22 18:16:51,868 core:39 pid:20560] MockAdbProcess: b'[server] INFO: clipboardManager inited\n'
[2025-09-22 18:16:51] [device_AF8YVB1805003480] [DEBUG] uiautomator2 init 输出：[D 2025-09-22 18:16:51,871 core:39 pid:20560] MockAdbProcess: b'[server] INFO: tmpdir is /data/local/tmp/u2\n'
[2025-09-22 18:16:51] [device_AF8YVB1805003480] [DEBUG] uiautomator2 init 输出：[D 2025-09-22 18:16:51,886 core:39 pid:20560] MockAdbProcess: b'[server] INFO: http server listening on *:9008\n'
[2025-09-22 18:16:52] [device_AF8YVB1805003480] [DEBUG] uiautomator2 init 输出：[D 2025-09-22 18:16:52,034 core:111 pid:20560] http request GET /ping None
[2025-09-22 18:16:52] [device_AF8YVB1805003480] [DEBUG] uiautomator2 init 输出：[D 2025-09-22 18:16:52,083 core:254 pid:20560] file u2.jar md5: 3564c56e4ef077f92c0fd32bcb42aea1
[2025-09-22 18:16:52] [device_AF8YVB1805003480] [DEBUG] uiautomator2 init 输出：[D 2025-09-22 18:16:52,171 core:243 pid:20560] file u2.jar already pushed
[2025-09-22 18:16:52] [device_AF8YVB1805003480] [INFO] uiautomator2 init 命令执行完成
[2025-09-22 18:16:54] [device_AF8YVB1805003480] [DEBUG] 执行 atx-agent 版本校验命令：adb -s AF8YVB1805003480 shell /data/local/tmp/atx-agent version
[2025-09-22 18:16:54] [device_AF8YVB1805003480] [INFO] 设备AF8YVB1805003480初始化成功
[2025-09-22 18:16:54] [task_2025092218165_b304] [INFO] 准备测试环境：D:\PycharmProjects\ums_uiautomator\result\2025092218165_b304
[2025-09-22 18:16:54] [task_2025092218165_b304] [DEBUG] 创建目录成功：D:\PycharmProjects\ums_uiautomator\result\2025092218165_b304\allure_raw
[2025-09-22 18:16:54] [task_2025092218165_b304] [DEBUG] 创建目录成功：D:\PycharmProjects\ums_uiautomator\result\2025092218165_b304\allure_html
[2025-09-22 18:16:54] [task_2025092218165_b304] [INFO] 测试目录初始化完成：D:\PycharmProjects\ums_uiautomator\result\2025092218165_b304
[2025-09-22 18:16:54] [task_2025092218165_b304] [INFO] 测试用例校验通过：D:\PycharmProjects\ums_uiautomator\test_suite\tmp_project.py（文件大小：1.52KB）
[2025-09-22 18:16:54] [task_2025092218165_b304] [INFO] 开始执行Pytest测试...
[2025-09-22 18:16:55] [device_AF8YVB1805003480] [INFO] 开始初始化设备：AF8YVB1805003480
[2025-09-22 18:16:55] [device_AF8YVB1805003480] [DEBUG] 设备AF8YVB1805003480在线状态：True
[2025-09-22 18:16:55] [device_AF8YVB1805003480] [INFO] 执行初始化命令：python -m uiautomator2 init AF8YVB1805003480
[2025-09-22 18:16:55] [device_AF8YVB1805003480] [DEBUG] uiautomator2 init 输出：[D 2025-09-22 18:16:55,918 core:254 pid:27356] file u2.jar md5: 3564c56e4ef077f92c0fd32bcb42aea1
[2025-09-22 18:16:55] [device_AF8YVB1805003480] [DEBUG] uiautomator2 init 输出：[D 2025-09-22 18:16:55,988 core:243 pid:27356] file u2.jar already pushed
[2025-09-22 18:16:55] [device_AF8YVB1805003480] [DEBUG] uiautomator2 init 输出：[D 2025-09-22 18:16:55,988 core:111 pid:27356] http request GET /ping None
[2025-09-22 18:16:56] [device_AF8YVB1805003480] [DEBUG] uiautomator2 init 输出：[D 2025-09-22 18:16:56,020 core:71 pid:27356] launch uiautomator with cmd: CLASSPATH=/data/local/tmp/u2.jar app_process / com.wetest.uia2.Main
[2025-09-22 18:16:56] [device_AF8YVB1805003480] [DEBUG] uiautomator2 init 输出：[D 2025-09-22 18:16:56,040 core:111 pid:27356] http request GET /ping None
[2025-09-22 18:16:56] [device_AF8YVB1805003480] [DEBUG] uiautomator2 init 输出：[D 2025-09-22 18:16:56,571 core:111 pid:27356] http request GET /ping None
[2025-09-22 18:16:56] [device_AF8YVB1805003480] [DEBUG] uiautomator2 init 输出：[D 2025-09-22 18:16:56,686 core:39 pid:27356] MockAdbProcess: b'[server] INFO: [UiAutomator2Server] Starting Server\n'
[2025-09-22 18:16:56] [device_AF8YVB1805003480] [DEBUG] uiautomator2 init 输出：[D 2025-09-22 18:16:56,872 core:39 pid:27356] MockAdbProcess: b'SLF4J: Failed to load class "org.slf4j.impl.StaticLoggerBinder".\nSLF4J: Defaulting to no-operation (NOP) logger implementation\nSLF4J: See http://www.slf4j.org/codes.html#StaticLoggerBinder for further details.\n'
[2025-09-22 18:16:56] [device_AF8YVB1805003480] [DEBUG] uiautomator2 init 输出：[D 2025-09-22 18:16:56,939 core:39 pid:27356] MockAdbProcess: b'[server] INFO: clipboardManager inited\n'
[2025-09-22 18:16:56] [device_AF8YVB1805003480] [DEBUG] uiautomator2 init 输出：[D 2025-09-22 18:16:56,943 core:39 pid:27356] MockAdbProcess: b'[server] INFO: tmpdir is /data/local/tmp/u2\n'
[2025-09-22 18:16:56] [device_AF8YVB1805003480] [DEBUG] uiautomator2 init 输出：[D 2025-09-22 18:16:56,957 core:39 pid:27356] MockAdbProcess: b'[server] INFO: http server listening on *:9008\n'
[2025-09-22 18:16:57] [device_AF8YVB1805003480] [DEBUG] uiautomator2 init 输出：[D 2025-09-22 18:16:57,103 core:111 pid:27356] http request GET /ping None
[2025-09-22 18:16:57] [device_AF8YVB1805003480] [DEBUG] uiautomator2 init 输出：[D 2025-09-22 18:16:57,140 core:254 pid:27356] file u2.jar md5: 3564c56e4ef077f92c0fd32bcb42aea1
[2025-09-22 18:16:57] [device_AF8YVB1805003480] [DEBUG] uiautomator2 init 输出：[D 2025-09-22 18:16:57,211 core:243 pid:27356] file u2.jar already pushed
[2025-09-22 18:16:57] [device_AF8YVB1805003480] [INFO] uiautomator2 init 命令执行完成
[2025-09-22 18:16:59] [device_AF8YVB1805003480] [DEBUG] 执行 atx-agent 版本校验命令：adb -s AF8YVB1805003480 shell /data/local/tmp/atx-agent version
[2025-09-22 18:16:59] [device_AF8YVB1805003480] [INFO] 设备AF8YVB1805003480初始化成功
[2025-09-22 18:16:59] [device_AF8YVB1805003480] [INFO] 设备AF8YVB1805003480执行亮屏操作
[2025-09-22 18:17:01] [device_AF8YVB1805003480] [ERROR] 设备AF8YVB1805003480检查文本'相机'失败：[Errno 2] No such file or directory: '/tmp/window_dump.xml'
Traceback (most recent call last):
  File "D:\PycharmProjects\ums_uiautomator\core\uiautomator.py", line 156, in check_text_exists
    with open("/tmp/window_dump.xml", "r", encoding="utf-8") as f:
         ~~~~^^^^^^^^^^^^^^^^^^^^^^^^^^^^^^^^^^^^^^^^^^^^^^^
FileNotFoundError: [Errno 2] No such file or directory: '/tmp/window_dump.xml'
[2025-09-22 18:17:02] [device_AF8YVB1805003480] [INFO] 设备AF8YVB1805003480执行按键操作：home
[2025-09-22 18:17:02] [device_AF8YVB1805003480] [INFO] 设备AF8YVB1805003480执行亮屏操作
[2025-09-22 18:17:03] [device_AF8YVB1805003480] [INFO] 设备AF8YVB1805003480执行按键操作：home
[2025-09-22 18:17:03] [device_AF8YVB1805003480] [INFO] 设备AF8YVB1805003480执行亮屏操作
[2025-09-22 18:17:04] [device_AF8YVB1805003480] [INFO] 设备AF8YVB1805003480点击坐标：(100, 100)
[2025-09-22 18:17:04] [device_AF8YVB1805003480] [INFO] 设备AF8YVB1805003480点击坐标：(200, 200)
[2025-09-22 18:17:04] [device_AF8YVB1805003480] [INFO] 两次点击操作完成，测试通过
[2025-09-22 18:17:05] [device_AF8YVB1805003480] [INFO] 设备AF8YVB1805003480执行按键操作：home
[2025-09-22 18:17:05] [task_2025092218165_b304] [INFO] Pytest执行完成（耗时：11.12秒，返回码：1）
[2025-09-22 18:17:05] [task_2025092218165_b304] [INFO] Pytest日志已保存：D:\PycharmProjects\ums_uiautomator\result\2025092218165_b304\task_2025092218165_b304.log（大小：9.78KB）
[2025-09-22 18:17:05] [task_2025092218165_b304] [INFO] 开始生成Allure HTML报告...
[2025-09-22 18:17:05] [task_2025092218165_b304] [DEBUG] Allure生成命令包含--clean参数
[2025-09-22 18:17:05] [task_2025092218165_b304] [DEBUG] Allure报告标题：report_2025092218165_b304
[2025-09-22 18:17:05] [task_2025092218165_b304] [DEBUG] Allure生成命令：allure generate D:\PycharmProjects\ums_uiautomator\result\2025092218165_b304\allure_raw -o D:\PycharmProjects\ums_uiautomator\result\2025092218165_b304\allure_html --clean --title report_2025092218165_b304
[2025-09-22 18:17:05] [task_2025092218165_b304] [INFO] Allure生成日志已保存：D:\PycharmProjects\ums_uiautomator\result\2025092218165_b304\allure_generate.log
[2025-09-22 18:17:05] [task_2025092218165_b304] [ERROR] Allure报告生成失败：'NoneType' object is not subscriptable
Traceback (most recent call last):
  File "D:\PycharmProjects\ums_uiautomator\core\test_executor.py", line 274, in generate_allure_report
    error_msg = f"Allure命令执行失败（返回码：{result.returncode}），错误详情：{result.stderr[:500]}"
                                                                                ~~~~~~~~~~~~~^^^^^^
TypeError: 'NoneType' object is not subscriptable
[2025-09-22 18:17:05] [task_2025092218165_b304] [INFO] 报告元数据已保存：D:\PycharmProjects\ums_uiautomator\result\2025092218165_b304\report_meta.json
