[2025-09-25 10:42:05] [device_AF8YVB1805003480] [INFO] 开始初始化设备：AF8YVB1805003480
[2025-09-25 10:42:10] [device_AF8YVB1805003480] [DEBUG] 设备AF8YVB1805003480在线状态：True
[2025-09-25 10:42:10] [device_AF8YVB1805003480] [INFO] 执行初始化命令：python -m uiautomator2 init AF8YVB1805003480
[2025-09-25 10:42:11] [device_AF8YVB1805003480] [DEBUG] uiautomator2 init 输出：[D 2025-09-25 10:42:11,553 core:254 pid:12188] file u2.jar md5: 3564c56e4ef077f92c0fd32bcb42aea1
[2025-09-25 10:42:11] [device_AF8YVB1805003480] [DEBUG] uiautomator2 init 输出：[D 2025-09-25 10:42:11,628 core:243 pid:12188] file u2.jar already pushed
[2025-09-25 10:42:11] [device_AF8YVB1805003480] [DEBUG] uiautomator2 init 输出：[D 2025-09-25 10:42:11,628 core:111 pid:12188] http request GET /ping None
[2025-09-25 10:42:11] [device_AF8YVB1805003480] [DEBUG] uiautomator2 init 输出：[D 2025-09-25 10:42:11,656 core:71 pid:12188] launch uiautomator with cmd: CLASSPATH=/data/local/tmp/u2.jar app_process / com.wetest.uia2.Main
[2025-09-25 10:42:11] [device_AF8YVB1805003480] [DEBUG] uiautomator2 init 输出：[D 2025-09-25 10:42:11,673 core:111 pid:12188] http request GET /ping None
[2025-09-25 10:42:12] [device_AF8YVB1805003480] [DEBUG] uiautomator2 init 输出：[D 2025-09-25 10:42:12,199 core:111 pid:12188] http request GET /ping None
[2025-09-25 10:42:12] [device_AF8YVB1805003480] [DEBUG] uiautomator2 init 输出：[D 2025-09-25 10:42:12,241 core:39 pid:12188] MockAdbProcess: b'[server] INFO: [UiAutomator2Server] Starting Server\n'
[2025-09-25 10:42:12] [device_AF8YVB1805003480] [DEBUG] uiautomator2 init 输出：[D 2025-09-25 10:42:12,406 core:39 pid:12188] MockAdbProcess: b'SLF4J: Failed to load class "org.slf4j.impl.StaticLoggerBinder".\n'
[2025-09-25 10:42:12] [device_AF8YVB1805003480] [DEBUG] uiautomator2 init 输出：[D 2025-09-25 10:42:12,406 core:39 pid:12188] MockAdbProcess: b'SLF4J: Defaulting to no-operation (NOP) logger implementation\nSLF4J: See http://www.slf4j.org/codes.html#StaticLoggerBinder for further details.\n'
[2025-09-25 10:42:12] [device_AF8YVB1805003480] [DEBUG] uiautomator2 init 输出：[D 2025-09-25 10:42:12,467 core:39 pid:12188] MockAdbProcess: b'[server] INFO: clipboardManager inited\n'
[2025-09-25 10:42:12] [device_AF8YVB1805003480] [DEBUG] uiautomator2 init 输出：[D 2025-09-25 10:42:12,473 core:39 pid:12188] MockAdbProcess: b'[server] INFO: tmpdir is /data/local/tmp/u2\n'
[2025-09-25 10:42:12] [device_AF8YVB1805003480] [DEBUG] uiautomator2 init 输出：[D 2025-09-25 10:42:12,488 core:39 pid:12188] MockAdbProcess: b'[server] INFO: http server listening on *:9008\n'
[2025-09-25 10:42:12] [device_AF8YVB1805003480] [DEBUG] uiautomator2 init 输出：[D 2025-09-25 10:42:12,737 core:111 pid:12188] http request GET /ping None
[2025-09-25 10:42:12] [device_AF8YVB1805003480] [DEBUG] uiautomator2 init 输出：[D 2025-09-25 10:42:12,787 core:254 pid:12188] file u2.jar md5: 3564c56e4ef077f92c0fd32bcb42aea1
[2025-09-25 10:42:12] [device_AF8YVB1805003480] [DEBUG] uiautomator2 init 输出：[D 2025-09-25 10:42:12,865 core:243 pid:12188] file u2.jar already pushed
[2025-09-25 10:42:12] [device_AF8YVB1805003480] [INFO] uiautomator2 init 命令执行完成
[2025-09-25 10:42:14] [device_AF8YVB1805003480] [DEBUG] 执行 atx-agent 版本校验命令：adb -s AF8YVB1805003480 shell /data/local/tmp/atx-agent version
[2025-09-25 10:42:16] [device_AF8YVB1805003480] [INFO] 设备AF8YVB1805003480初始化成功，已连接uiautomator2
[2025-09-25 10:42:16] [task_2025092510420_8b9a] [INFO] 准备测试环境：D:\PycharmProjects\ums_uiautomator\result\2025092510420_8b9a
[2025-09-25 10:42:16] [task_2025092510420_8b9a] [DEBUG] 创建目录成功：D:\PycharmProjects\ums_uiautomator\result\2025092510420_8b9a\allure_raw
[2025-09-25 10:42:16] [task_2025092510420_8b9a] [DEBUG] 创建目录成功：D:\PycharmProjects\ums_uiautomator\result\2025092510420_8b9a\allure_html
[2025-09-25 10:42:16] [task_2025092510420_8b9a] [INFO] 测试目录初始化完成：D:\PycharmProjects\ums_uiautomator\result\2025092510420_8b9a
[2025-09-25 10:42:16] [task_2025092510420_8b9a] [INFO] 测试用例校验通过：D:\PycharmProjects\ums_uiautomator\test_suite\demo.py（文件大小：1.20KB）
[2025-09-25 10:42:16] [task_2025092510420_8b9a] [INFO] 开始执行Pytest测试...
[2025-09-25 10:42:17] [device_AF8YVB1805003480] [INFO] 开始初始化设备：AF8YVB1805003480
[2025-09-25 10:42:17] [device_AF8YVB1805003480] [DEBUG] 设备AF8YVB1805003480在线状态：True
[2025-09-25 10:42:17] [device_AF8YVB1805003480] [INFO] 执行初始化命令：python -m uiautomator2 init AF8YVB1805003480
[2025-09-25 10:42:18] [device_AF8YVB1805003480] [DEBUG] uiautomator2 init 输出：[D 2025-09-25 10:42:18,309 core:254 pid:6660] file u2.jar md5: 3564c56e4ef077f92c0fd32bcb42aea1
[2025-09-25 10:42:18] [device_AF8YVB1805003480] [DEBUG] uiautomator2 init 输出：[D 2025-09-25 10:42:18,392 core:243 pid:6660] file u2.jar already pushed
[2025-09-25 10:42:18] [device_AF8YVB1805003480] [DEBUG] uiautomator2 init 输出：[D 2025-09-25 10:42:18,392 core:111 pid:6660] http request GET /ping None
[2025-09-25 10:42:18] [device_AF8YVB1805003480] [DEBUG] uiautomator2 init 输出：[D 2025-09-25 10:42:18,422 core:254 pid:6660] file u2.jar md5: 3564c56e4ef077f92c0fd32bcb42aea1
[2025-09-25 10:42:18] [device_AF8YVB1805003480] [DEBUG] uiautomator2 init 输出：[D 2025-09-25 10:42:18,493 core:243 pid:6660] file u2.jar already pushed
[2025-09-25 10:42:18] [device_AF8YVB1805003480] [INFO] uiautomator2 init 命令执行完成
[2025-09-25 10:42:20] [device_AF8YVB1805003480] [DEBUG] 执行 atx-agent 版本校验命令：adb -s AF8YVB1805003480 shell /data/local/tmp/atx-agent version
[2025-09-25 10:42:21] [device_AF8YVB1805003480] [INFO] 设备AF8YVB1805003480初始化成功，已连接uiautomator2
[2025-09-25 10:42:21] [device_AF8YVB1805003480] [INFO] 设备AF8YVB1805003480执行亮屏操作
[2025-09-25 10:42:29] [device_AF8YVB1805003480] [INFO] 设备AF8YVB1805003480执行按键操作：home
[2025-09-25 10:42:29] [device_AF8YVB1805003480] [INFO] 设备AF8YVB1805003480执行亮屏操作
[2025-09-25 10:42:30] [device_AF8YVB1805003480] [INFO] 设备AF8YVB1805003480执行按键操作：home
[2025-09-25 10:42:40] [device_AF8YVB1805003480] [INFO] 设备AF8YVB1805003480执行按键操作：home
[2025-09-25 10:42:40] [task_2025092510420_8b9a] [INFO] Pytest执行完成（耗时：24.18秒，返回码：0）
[2025-09-25 10:42:40] [task_2025092510420_8b9a] [INFO] Pytest日志已保存：D:\PycharmProjects\ums_uiautomator\result\2025092510420_8b9a\task_2025092510420_8b9a.log（大小：1.09KB）
[2025-09-25 10:42:40] [task_2025092510420_8b9a] [INFO] 开始生成Allure HTML报告...
[2025-09-25 10:42:40] [task_2025092510420_8b9a] [DEBUG] Allure生成命令包含--clean参数
[2025-09-25 10:42:40] [task_2025092510420_8b9a] [DEBUG] Allure报告标题：report_2025092510420_8b9a
[2025-09-25 10:42:40] [task_2025092510420_8b9a] [DEBUG] Allure生成命令：allure generate D:\PycharmProjects\ums_uiautomator\result\2025092510420_8b9a\allure_raw -o D:\PycharmProjects\ums_uiautomator\result\2025092510420_8b9a\allure_html --clean --title report_2025092510420_8b9a
[2025-09-25 10:43:14] [task_2025092510420_8b9a] [INFO] Allure生成日志已保存：D:\PycharmProjects\ums_uiautomator\result\2025092510420_8b9a\allure_generate.log
[2025-09-25 10:43:14] [task_2025092510420_8b9a] [DEBUG] 报告压缩功能已禁用
[2025-09-25 10:43:14] [task_2025092510420_8b9a] [INFO] Allure报告生成成功：D:\PycharmProjects\ums_uiautomator\result\2025092510420_8b9a\allure_html\index.html（目录大小：2435.04MB，耗时：33.5秒）
[2025-09-25 10:43:14] [task_2025092510420_8b9a] [INFO] 报告元数据已保存：D:\PycharmProjects\ums_uiautomator\result\2025092510420_8b9a\report_meta.json
