[2025-09-22 18:25:49] [device_AF8YVB1805003480] [INFO] 开始初始化设备：AF8YVB1805003480
[2025-09-22 18:25:49] [device_AF8YVB1805003480] [DEBUG] 设备AF8YVB1805003480在线状态：True
[2025-09-22 18:25:49] [device_AF8YVB1805003480] [INFO] 执行初始化命令：python -m uiautomator2 init AF8YVB1805003480
[2025-09-22 18:25:49] [device_AF8YVB1805003480] [DEBUG] uiautomator2 init 输出：[D 2025-09-22 18:25:49,967 core:254 pid:13736] file u2.jar md5: 3564c56e4ef077f92c0fd32bcb42aea1
[2025-09-22 18:25:50] [device_AF8YVB1805003480] [DEBUG] uiautomator2 init 输出：[D 2025-09-22 18:25:50,039 core:243 pid:13736] file u2.jar already pushed
[2025-09-22 18:25:50] [device_AF8YVB1805003480] [DEBUG] uiautomator2 init 输出：[D 2025-09-22 18:25:50,039 core:111 pid:13736] http request GET /ping None
[2025-09-22 18:25:50] [device_AF8YVB1805003480] [DEBUG] uiautomator2 init 输出：[D 2025-09-22 18:25:50,071 core:71 pid:13736] launch uiautomator with cmd: CLASSPATH=/data/local/tmp/u2.jar app_process / com.wetest.uia2.Main
[2025-09-22 18:25:50] [device_AF8YVB1805003480] [DEBUG] uiautomator2 init 输出：[D 2025-09-22 18:25:50,094 core:111 pid:13736] http request GET /ping None
[2025-09-22 18:25:50] [device_AF8YVB1805003480] [DEBUG] uiautomator2 init 输出：[D 2025-09-22 18:25:50,626 core:111 pid:13736] http request GET /ping None
[2025-09-22 18:25:50] [device_AF8YVB1805003480] [DEBUG] uiautomator2 init 输出：[D 2025-09-22 18:25:50,739 core:39 pid:13736] MockAdbProcess: b'[server] INFO: [UiAutomator2Server] Starting Server\n'
[2025-09-22 18:25:50] [device_AF8YVB1805003480] [DEBUG] uiautomator2 init 输出：[D 2025-09-22 18:25:50,933 core:39 pid:13736] MockAdbProcess: b'SLF4J: Failed to load class "org.slf4j.impl.StaticLoggerBinder".\nSLF4J: Defaulting to no-operation (NOP) logger implementation\nSLF4J: See http://www.slf4j.org/codes.html#StaticLoggerBinder for further details.\n'
[2025-09-22 18:25:50] [device_AF8YVB1805003480] [DEBUG] uiautomator2 init 输出：[D 2025-09-22 18:25:50,999 core:39 pid:13736] MockAdbProcess: b'[server] INFO: clipboardManager inited\n'
[2025-09-22 18:25:51] [device_AF8YVB1805003480] [DEBUG] uiautomator2 init 输出：[D 2025-09-22 18:25:51,003 core:39 pid:13736] MockAdbProcess: b'[server] INFO: tmpdir is /data/local/tmp/u2\n'
[2025-09-22 18:25:51] [device_AF8YVB1805003480] [DEBUG] uiautomator2 init 输出：[D 2025-09-22 18:25:51,017 core:39 pid:13736] MockAdbProcess: b'[server] INFO: http server listening on *:9008\n'
[2025-09-22 18:25:51] [device_AF8YVB1805003480] [DEBUG] uiautomator2 init 输出：[D 2025-09-22 18:25:51,158 core:111 pid:13736] http request GET /ping None
[2025-09-22 18:25:51] [device_AF8YVB1805003480] [DEBUG] uiautomator2 init 输出：[D 2025-09-22 18:25:51,201 core:254 pid:13736] file u2.jar md5: 3564c56e4ef077f92c0fd32bcb42aea1
[2025-09-22 18:25:51] [device_AF8YVB1805003480] [DEBUG] uiautomator2 init 输出：[D 2025-09-22 18:25:51,273 core:243 pid:13736] file u2.jar already pushed
[2025-09-22 18:25:51] [device_AF8YVB1805003480] [INFO] uiautomator2 init 命令执行完成
[2025-09-22 18:25:53] [device_AF8YVB1805003480] [DEBUG] 执行 atx-agent 版本校验命令：adb -s AF8YVB1805003480 shell /data/local/tmp/atx-agent version
[2025-09-22 18:25:53] [device_AF8YVB1805003480] [INFO] 设备AF8YVB1805003480初始化成功
[2025-09-22 18:25:53] [task_2025092218254_cd1d] [INFO] 准备测试环境：D:\PyCharmProjects\ums_uiautomator\dist\result\2025092218254_cd1d
[2025-09-22 18:25:53] [task_2025092218254_cd1d] [DEBUG] 创建目录成功：D:\PyCharmProjects\ums_uiautomator\dist\result\2025092218254_cd1d\allure_raw
[2025-09-22 18:25:53] [task_2025092218254_cd1d] [DEBUG] 创建目录成功：D:\PyCharmProjects\ums_uiautomator\dist\result\2025092218254_cd1d\allure_html
[2025-09-22 18:25:53] [task_2025092218254_cd1d] [INFO] 测试目录初始化完成：D:\PyCharmProjects\ums_uiautomator\dist\result\2025092218254_cd1d
[2025-09-22 18:25:53] [task_2025092218254_cd1d] [INFO] 测试用例校验通过：D:\PyCharmProjects\ums_uiautomator\dist\test_suite\demo.py（文件大小：3.62KB）
[2025-09-22 18:25:53] [task_2025092218254_cd1d] [INFO] 开始执行Pytest测试...
[2025-09-22 18:25:54] [task_2025092218254_cd1d] [INFO] Pytest执行完成（耗时：0.92秒，返回码：4）
[2025-09-22 18:25:54] [task_2025092218254_cd1d] [WARNING] Allure原始报告目录为空，可能Pytest未生成测试结果
[2025-09-22 18:25:54] [task_2025092218254_cd1d] [INFO] Pytest日志已保存：D:\PyCharmProjects\ums_uiautomator\dist\result\2025092218254_cd1d\task_2025092218254_cd1d.log（大小：1.21KB）
[2025-09-22 18:25:54] [task_2025092218254_cd1d] [INFO] 开始生成Allure HTML报告...
[2025-09-22 18:25:54] [task_2025092218254_cd1d] [DEBUG] Allure生成命令包含--clean参数
[2025-09-22 18:25:54] [task_2025092218254_cd1d] [DEBUG] Allure报告标题：report_2025092218254_cd1d
[2025-09-22 18:25:54] [task_2025092218254_cd1d] [DEBUG] Allure生成命令：allure generate D:\PyCharmProjects\ums_uiautomator\dist\result\2025092218254_cd1d\allure_raw -o D:\PyCharmProjects\ums_uiautomator\dist\result\2025092218254_cd1d\allure_html --clean --title report_2025092218254_cd1d
[2025-09-22 18:25:54] [task_2025092218254_cd1d] [INFO] Allure生成日志已保存：D:\PyCharmProjects\ums_uiautomator\dist\result\2025092218254_cd1d\allure_generate.log
[2025-09-22 18:25:54] [task_2025092218254_cd1d] [ERROR] Allure报告生成失败：'NoneType' object is not subscriptable
Traceback (most recent call last):
  File "core\test_executor.py", line 265, in generate_allure_report
TypeError: 'NoneType' object is not subscriptable
[2025-09-22 18:25:54] [task_2025092218254_cd1d] [INFO] 报告元数据已保存：D:\PyCharmProjects\ums_uiautomator\dist\result\2025092218254_cd1d\report_meta.json
