[2025-09-22 18:30:38] [device_AF8YVB1805003480] [INFO] 开始初始化设备：AF8YVB1805003480
[2025-09-22 18:30:39] [device_AF8YVB1805003480] [DEBUG] 设备AF8YVB1805003480在线状态：True
[2025-09-22 18:30:39] [device_AF8YVB1805003480] [INFO] 执行初始化命令：python -m uiautomator2 init AF8YVB1805003480
[2025-09-22 18:30:39] [device_AF8YVB1805003480] [DEBUG] uiautomator2 init 输出：[D 2025-09-22 18:30:39,637 core:254 pid:11756] file u2.jar md5: 3564c56e4ef077f92c0fd32bcb42aea1
[2025-09-22 18:30:39] [device_AF8YVB1805003480] [DEBUG] uiautomator2 init 输出：[D 2025-09-22 18:30:39,708 core:243 pid:11756] file u2.jar already pushed
[2025-09-22 18:30:39] [device_AF8YVB1805003480] [DEBUG] uiautomator2 init 输出：[D 2025-09-22 18:30:39,708 core:111 pid:11756] http request GET /ping None
[2025-09-22 18:30:39] [device_AF8YVB1805003480] [DEBUG] uiautomator2 init 输出：[D 2025-09-22 18:30:39,740 core:71 pid:11756] launch uiautomator with cmd: CLASSPATH=/data/local/tmp/u2.jar app_process / com.wetest.uia2.Main
[2025-09-22 18:30:39] [device_AF8YVB1805003480] [DEBUG] uiautomator2 init 输出：[D 2025-09-22 18:30:39,764 core:111 pid:11756] http request GET /ping None
[2025-09-22 18:30:40] [device_AF8YVB1805003480] [DEBUG] uiautomator2 init 输出：[D 2025-09-22 18:30:40,315 core:111 pid:11756] http request GET /ping None
[2025-09-22 18:30:40] [device_AF8YVB1805003480] [DEBUG] uiautomator2 init 输出：[D 2025-09-22 18:30:40,412 core:39 pid:11756] MockAdbProcess: b'[server] INFO: [UiAutomator2Server] Starting Server\n'
[2025-09-22 18:30:40] [device_AF8YVB1805003480] [DEBUG] uiautomator2 init 输出：[D 2025-09-22 18:30:40,587 core:39 pid:11756] MockAdbProcess: b'SLF4J: Failed to load class "org.slf4j.impl.StaticLoggerBinder".\nSLF4J: Defaulting to no-operation (NOP) logger implementation\nSLF4J: See http://www.slf4j.org/codes.html#StaticLoggerBinder for further details.\n'
[2025-09-22 18:30:40] [device_AF8YVB1805003480] [DEBUG] uiautomator2 init 输出：[D 2025-09-22 18:30:40,654 core:39 pid:11756] MockAdbProcess: b'[server] INFO: clipboardManager inited\n'
[2025-09-22 18:30:40] [device_AF8YVB1805003480] [DEBUG] uiautomator2 init 输出：[D 2025-09-22 18:30:40,658 core:39 pid:11756] MockAdbProcess: b'[server] INFO: tmpdir is /data/local/tmp/u2\n'
[2025-09-22 18:30:40] [device_AF8YVB1805003480] [DEBUG] uiautomator2 init 输出：[D 2025-09-22 18:30:40,673 core:39 pid:11756] MockAdbProcess: b'[server] INFO: http server listening on *:9008\n'
[2025-09-22 18:30:40] [device_AF8YVB1805003480] [DEBUG] uiautomator2 init 输出：[D 2025-09-22 18:30:40,846 core:111 pid:11756] http request GET /ping None
[2025-09-22 18:30:40] [device_AF8YVB1805003480] [DEBUG] uiautomator2 init 输出：[D 2025-09-22 18:30:40,889 core:254 pid:11756] file u2.jar md5: 3564c56e4ef077f92c0fd32bcb42aea1
[2025-09-22 18:30:40] [device_AF8YVB1805003480] [DEBUG] uiautomator2 init 输出：[D 2025-09-22 18:30:40,975 core:243 pid:11756] file u2.jar already pushed
[2025-09-22 18:30:41] [device_AF8YVB1805003480] [INFO] uiautomator2 init 命令执行完成
[2025-09-22 18:30:43] [device_AF8YVB1805003480] [DEBUG] 执行 atx-agent 版本校验命令：adb -s AF8YVB1805003480 shell /data/local/tmp/atx-agent version
[2025-09-22 18:30:43] [device_AF8YVB1805003480] [INFO] 设备AF8YVB1805003480初始化成功
[2025-09-22 18:30:43] [task_2025092218303_dac6] [INFO] 准备测试环境：D:\PyCharmProjects\ums_uiautomator\dist\result\2025092218303_dac6
[2025-09-22 18:30:43] [task_2025092218303_dac6] [DEBUG] 创建目录成功：D:\PyCharmProjects\ums_uiautomator\dist\result\2025092218303_dac6\allure_raw
[2025-09-22 18:30:43] [task_2025092218303_dac6] [DEBUG] 创建目录成功：D:\PyCharmProjects\ums_uiautomator\dist\result\2025092218303_dac6\allure_html
[2025-09-22 18:30:43] [task_2025092218303_dac6] [INFO] 测试目录初始化完成：D:\PyCharmProjects\ums_uiautomator\dist\result\2025092218303_dac6
[2025-09-22 18:30:43] [task_2025092218303_dac6] [INFO] 测试用例校验通过：D:\PyCharmProjects\ums_uiautomator\dist\test_suite\tmp_project.py（文件大小：1.52KB）
[2025-09-22 18:30:43] [task_2025092218303_dac6] [INFO] 开始执行Pytest测试...
[2025-09-22 18:30:44] [task_2025092218303_dac6] [INFO] Pytest执行完成（耗时：0.92秒，返回码：4）
[2025-09-22 18:30:44] [task_2025092218303_dac6] [WARNING] Allure原始报告目录为空，可能Pytest未生成测试结果
[2025-09-22 18:30:44] [task_2025092218303_dac6] [INFO] Pytest日志已保存：D:\PyCharmProjects\ums_uiautomator\dist\result\2025092218303_dac6\task_2025092218303_dac6.log（大小：1.22KB）
[2025-09-22 18:30:44] [task_2025092218303_dac6] [INFO] 开始生成Allure HTML报告...
[2025-09-22 18:30:44] [task_2025092218303_dac6] [DEBUG] Allure生成命令包含--clean参数
[2025-09-22 18:30:44] [task_2025092218303_dac6] [DEBUG] Allure报告标题：report_2025092218303_dac6
[2025-09-22 18:30:44] [task_2025092218303_dac6] [DEBUG] Allure生成命令：allure generate D:\PyCharmProjects\ums_uiautomator\dist\result\2025092218303_dac6\allure_raw -o D:\PyCharmProjects\ums_uiautomator\dist\result\2025092218303_dac6\allure_html --clean --title report_2025092218303_dac6
[2025-09-22 18:30:47] [task_2025092218303_dac6] [INFO] Allure生成日志已保存：D:\PyCharmProjects\ums_uiautomator\dist\result\2025092218303_dac6\allure_generate.log
[2025-09-22 18:30:47] [task_2025092218303_dac6] [DEBUG] 报告压缩功能已禁用
[2025-09-22 18:30:47] [task_2025092218303_dac6] [INFO] Allure报告生成成功：D:\PyCharmProjects\ums_uiautomator\dist\result\2025092218303_dac6\allure_html\index.html（目录大小：2418.08MB，耗时：3.25秒）
[2025-09-22 18:30:47] [task_2025092218303_dac6] [INFO] 报告元数据已保存：D:\PyCharmProjects\ums_uiautomator\dist\result\2025092218303_dac6\report_meta.json
