=== 任务2026031315351_88bb Pytest执行日志 ===
执行时间：2026-03-13 15:35:33
执行耗时：21.63秒
执行命令：python -m pytest D:\cursor\ums_uiautomator\dist\test_suite\demo.py --device_id=AF8YVB1805003480 --task_id=2026031315351_88bb --alluredir=D:\cursor\ums_uiautomator\dist\result\2026031315351_88bb\allure_raw -v --tb=short --timeout=3600
返回码：0

=== 标准输出（stdout）===
============================= test session starts =============================
platform win32 -- Python 3.13.7, pytest-7.4.3, pluggy-1.6.0 -- D:\cursor\ums_uiautomator\.venv\Scripts\python.exe
cachedir: .pytest_cache
rootdir: D:\cursor\ums_uiautomator\dist
plugins: allure-pytest-2.13.5, timeout-2.2.0
timeout: 3600.0s
timeout method: thread
timeout func_only: False
collecting ... collected 2 items

test_suite/demo.py::test_case01 PASSED                                   [ 50%]
test_suite/demo.py::test_case02 PASSED                                   [100%]

============================= 2 passed in 20.49s ==============================

=== 错误输出（stderr）===
无错误输出