[2026-02-09 14:47:30] [device_AF8YVB1805003480] [INFO] 开始初始化设备：AF8YVB1805003480
[2026-02-09 14:47:30] [device_AF8YVB1805003480] [DEBUG] 设备AF8YVB1805003480在线状态：True
[2026-02-09 14:47:30] [device_AF8YVB1805003480] [INFO] 执行初始化命令：python -m uiautomator2 init AF8YVB1805003480
[2026-02-09 14:47:31] [device_AF8YVB1805003480] [DEBUG] uiautomator2 init 输出：[D 2026-02-09 14:47:31,871 core:254 pid:43760] file u2.jar md5: 3564c56e4ef077f92c0fd32bcb42aea1
[2026-02-09 14:47:31] [device_AF8YVB1805003480] [DEBUG] uiautomator2 init 输出：[D 2026-02-09 14:47:31,970 core:243 pid:43760] file u2.jar already pushed
[2026-02-09 14:47:31] [device_AF8YVB1805003480] [DEBUG] uiautomator2 init 输出：[D 2026-02-09 14:47:31,970 core:111 pid:43760] http request GET /ping None
[2026-02-09 14:47:32] [device_AF8YVB1805003480] [DEBUG] uiautomator2 init 输出：[D 2026-02-09 14:47:32,017 core:71 pid:43760] launch uiautomator with cmd: CLASSPATH=/data/local/tmp/u2.jar app_process / com.wetest.uia2.Main
[2026-02-09 14:47:32] [device_AF8YVB1805003480] [DEBUG] uiautomator2 init 输出：[D 2026-02-09 14:47:32,043 core:111 pid:43760] http request GET /ping None
[2026-02-09 14:47:32] [device_AF8YVB1805003480] [DEBUG] uiautomator2 init 输出：[D 2026-02-09 14:47:32,607 core:111 pid:43760] http request GET /ping None
[2026-02-09 14:47:32] [device_AF8YVB1805003480] [DEBUG] uiautomator2 init 输出：[D 2026-02-09 14:47:32,730 core:39 pid:43760] MockAdbProcess: b'[server] INFO: [UiAutomator2Server] Starting Server\n'
[2026-02-09 14:47:32] [device_AF8YVB1805003480] [DEBUG] uiautomator2 init 输出：[D 2026-02-09 14:47:32,947 core:39 pid:43760] MockAdbProcess: b'SLF4J: Failed to load class "org.slf4j.impl.StaticLoggerBinder".\nSLF4J: Defaulting to no-operation (NOP) logger implementation\nSLF4J: See http://www.slf4j.org/codes.html#StaticLoggerBinder for further details.\n'
[2026-02-09 14:47:33] [device_AF8YVB1805003480] [DEBUG] uiautomator2 init 输出：[D 2026-02-09 14:47:33,018 core:39 pid:43760] MockAdbProcess: b'[server] INFO: clipboardManager inited\n'
[2026-02-09 14:47:33] [device_AF8YVB1805003480] [DEBUG] uiautomator2 init 输出：[D 2026-02-09 14:47:33,027 core:39 pid:43760] MockAdbProcess: b'[server] INFO: tmpdir is /data/local/tmp/u2\n'
[2026-02-09 14:47:33] [device_AF8YVB1805003480] [DEBUG] uiautomator2 init 输出：[D 2026-02-09 14:47:33,042 core:39 pid:43760] MockAdbProcess: b'[server] INFO: http server listening on *:9008\n'
[2026-02-09 14:47:33] [device_AF8YVB1805003480] [DEBUG] uiautomator2 init 输出：[D 2026-02-09 14:47:33,168 core:111 pid:43760] http request GET /ping None
[2026-02-09 14:47:33] [device_AF8YVB1805003480] [DEBUG] uiautomator2 init 输出：[D 2026-02-09 14:47:33,210 core:254 pid:43760] file u2.jar md5: 3564c56e4ef077f92c0fd32bcb42aea1
[2026-02-09 14:47:33] [device_AF8YVB1805003480] [DEBUG] uiautomator2 init 输出：[D 2026-02-09 14:47:33,293 core:243 pid:43760] file u2.jar already pushed
[2026-02-09 14:47:33] [device_AF8YVB1805003480] [INFO] uiautomator2 init 命令执行完成
[2026-02-09 14:47:33] [device_AF8YVB1805003480] [INFO] 设备AF8YVB1805003480初始化成功，已连接uiautomator2
[2026-02-09 14:47:33] [task_2026020914473_5161] [INFO] 准备测试环境：D:\PycharmProjects\ums_uiautomator\result\2026020914473_5161
[2026-02-09 14:47:33] [task_2026020914473_5161] [DEBUG] 创建目录成功：D:\PycharmProjects\ums_uiautomator\result\2026020914473_5161\allure_raw
[2026-02-09 14:47:33] [task_2026020914473_5161] [DEBUG] 创建目录成功：D:\PycharmProjects\ums_uiautomator\result\2026020914473_5161\allure_html
[2026-02-09 14:47:33] [task_2026020914473_5161] [INFO] 测试目录初始化完成：D:\PycharmProjects\ums_uiautomator\result\2026020914473_5161
[2026-02-09 14:47:33] [task_2026020914473_5161] [INFO] 测试用例校验通过：D:\PycharmProjects\ums_uiautomator\test_suite\demo.py（文件大小：1.20KB）
[2026-02-09 14:47:33] [task_2026020914473_5161] [INFO] 开始执行Pytest测试...
[2026-02-09 14:47:36] [device_AF8YVB1805003480] [INFO] 开始初始化设备：AF8YVB1805003480
[2026-02-09 14:47:36] [device_AF8YVB1805003480] [DEBUG] 设备AF8YVB1805003480在线状态：True
[2026-02-09 14:47:36] [device_AF8YVB1805003480] [INFO] 执行初始化命令：python -m uiautomator2 init AF8YVB1805003480
[2026-02-09 14:47:37] [device_AF8YVB1805003480] [DEBUG] uiautomator2 init 输出：[D 2026-02-09 14:47:37,954 core:254 pid:34556] file u2.jar md5: 3564c56e4ef077f92c0fd32bcb42aea1
[2026-02-09 14:47:38] [device_AF8YVB1805003480] [DEBUG] uiautomator2 init 输出：[D 2026-02-09 14:47:38,039 core:243 pid:34556] file u2.jar already pushed
[2026-02-09 14:47:38] [device_AF8YVB1805003480] [DEBUG] uiautomator2 init 输出：[D 2026-02-09 14:47:38,039 core:111 pid:34556] http request GET /ping None
[2026-02-09 14:47:38] [device_AF8YVB1805003480] [DEBUG] uiautomator2 init 输出：[D 2026-02-09 14:47:38,086 core:71 pid:34556] launch uiautomator with cmd: CLASSPATH=/data/local/tmp/u2.jar app_process / com.wetest.uia2.Main
[2026-02-09 14:47:38] [device_AF8YVB1805003480] [DEBUG] uiautomator2 init 输出：[D 2026-02-09 14:47:38,110 core:111 pid:34556] http request GET /ping None
[2026-02-09 14:47:38] [device_AF8YVB1805003480] [DEBUG] uiautomator2 init 输出：[D 2026-02-09 14:47:38,669 core:111 pid:34556] http request GET /ping None
[2026-02-09 14:47:38] [device_AF8YVB1805003480] [DEBUG] uiautomator2 init 输出：[D 2026-02-09 14:47:38,736 core:39 pid:34556] MockAdbProcess: b'[server] INFO: [UiAutomator2Server] Starting Server\n'
[2026-02-09 14:47:38] [device_AF8YVB1805003480] [DEBUG] uiautomator2 init 输出：[D 2026-02-09 14:47:38,913 core:39 pid:34556] MockAdbProcess: b'SLF4J: Failed to load class "org.slf4j.impl.StaticLoggerBinder".\nSLF4J: Defaulting to no-operation (NOP) logger implementation\nSLF4J: See http://www.slf4j.org/codes.html#StaticLoggerBinder for further details.\n'
[2026-02-09 14:47:38] [device_AF8YVB1805003480] [DEBUG] uiautomator2 init 输出：[D 2026-02-09 14:47:38,978 core:39 pid:34556] MockAdbProcess: b'[server] INFO: clipboardManager inited\n'
[2026-02-09 14:47:38] [device_AF8YVB1805003480] [DEBUG] uiautomator2 init 输出：[D 2026-02-09 14:47:38,982 core:39 pid:34556] MockAdbProcess: b'[server] INFO: tmpdir is /data/local/tmp/u2\n'
[2026-02-09 14:47:38] [device_AF8YVB1805003480] [DEBUG] uiautomator2 init 输出：[D 2026-02-09 14:47:38,999 core:39 pid:34556] MockAdbProcess: b'[server] INFO: http server listening on *:9008\n'
[2026-02-09 14:47:39] [device_AF8YVB1805003480] [DEBUG] uiautomator2 init 输出：[D 2026-02-09 14:47:39,228 core:111 pid:34556] http request GET /ping None
[2026-02-09 14:47:39] [device_AF8YVB1805003480] [DEBUG] uiautomator2 init 输出：[D 2026-02-09 14:47:39,271 core:254 pid:34556] file u2.jar md5: 3564c56e4ef077f92c0fd32bcb42aea1
[2026-02-09 14:47:39] [device_AF8YVB1805003480] [DEBUG] uiautomator2 init 输出：[D 2026-02-09 14:47:39,367 core:243 pid:34556] file u2.jar already pushed
[2026-02-09 14:47:39] [device_AF8YVB1805003480] [INFO] uiautomator2 init 命令执行完成
[2026-02-09 14:47:39] [device_AF8YVB1805003480] [INFO] 设备AF8YVB1805003480初始化成功，已连接uiautomator2
[2026-02-09 14:47:40] [device_AF8YVB1805003480] [INFO] 设备AF8YVB1805003480执行亮屏操作
[2026-02-09 14:47:41] [device_AF8YVB1805003480] [INFO] 设备AF8YVB1805003480执行按键操作：home
[2026-02-09 14:47:42] [device_AF8YVB1805003480] [INFO] 设备AF8YVB1805003480执行亮屏操作
[2026-02-09 14:47:44] [device_AF8YVB1805003480] [INFO] 设备AF8YVB1805003480执行按键操作：home
[2026-02-09 14:47:54] [device_AF8YVB1805003480] [INFO] 设备AF8YVB1805003480执行按键操作：home
[2026-02-09 14:47:54] [task_2026020914473_5161] [INFO] Pytest执行完成（耗时：21.27秒，返回码：1）
[2026-02-09 14:47:54] [task_2026020914473_5161] [INFO] Pytest日志已保存：D:\PycharmProjects\ums_uiautomator\result\2026020914473_5161\task_2026020914473_5161.log（大小：9.25KB）
[2026-02-09 14:47:54] [task_2026020914473_5161] [INFO] 开始生成Allure HTML报告...
[2026-02-09 14:47:54] [task_2026020914473_5161] [DEBUG] Allure生成命令包含--clean参数
[2026-02-09 14:47:54] [task_2026020914473_5161] [DEBUG] Allure报告标题：report_2026020914473_5161
[2026-02-09 14:47:54] [task_2026020914473_5161] [DEBUG] Allure生成命令：allure generate D:\PycharmProjects\ums_uiautomator\result\2026020914473_5161\allure_raw -o D:\PycharmProjects\ums_uiautomator\result\2026020914473_5161\allure_html --clean --title report_2026020914473_5161
[2026-02-09 14:48:02] [task_2026020914473_5161] [INFO] Allure生成日志已保存：D:\PycharmProjects\ums_uiautomator\result\2026020914473_5161\allure_generate.log
[2026-02-09 14:48:03] [task_2026020914473_5161] [DEBUG] 报告压缩功能已禁用
[2026-02-09 14:48:03] [task_2026020914473_5161] [INFO] Allure报告生成成功：D:\PycharmProjects\ums_uiautomator\result\2026020914473_5161\allure_html\index.html（目录大小：2444.17MB，耗时：8.19秒）
[2026-02-09 14:48:03] [task_2026020914473_5161] [INFO] 报告元数据已保存：D:\PycharmProjects\ums_uiautomator\result\2026020914473_5161\report_meta.json
