[2026-03-13 10:36:02] [device_AF8YVB1805003480] [INFO] 开始初始化设备：AF8YVB1805003480
[2026-03-13 10:36:02] [device_AF8YVB1805003480] [INFO] 开始初始化设备：AF8YVB1805003480
[2026-03-13 10:36:02] [device_AF8YVB1805003480] [INFO] 开始初始化设备：AF8YVB1805003480
[2026-03-13 10:36:03] [device_AF8YVB1805003480] [DEBUG] 设备AF8YVB1805003480在线状态：True
[2026-03-13 10:36:03] [device_AF8YVB1805003480] [DEBUG] 设备AF8YVB1805003480在线状态：True
[2026-03-13 10:36:03] [device_AF8YVB1805003480] [DEBUG] 设备AF8YVB1805003480在线状态：True
[2026-03-13 10:36:03] [device_AF8YVB1805003480] [DEBUG] 尝试直接连接已存在的 uiautomator2 会话：AF8YVB1805003480
[2026-03-13 10:36:03] [device_AF8YVB1805003480] [DEBUG] 尝试直接连接已存在的 uiautomator2 会话：AF8YVB1805003480
[2026-03-13 10:36:03] [device_AF8YVB1805003480] [DEBUG] 尝试直接连接已存在的 uiautomator2 会话：AF8YVB1805003480
[2026-03-13 10:36:03] [device_AF8YVB1805003480] [INFO] 设备AF8YVB1805003480已存在可用的 uiautomator2 会话，跳过 init
[2026-03-13 10:36:03] [task_2026031310360_556b] [INFO] 准备测试环境：d:\cursor\ums_uiautomator\result\2026031310360_556b
[2026-03-13 10:36:03] [task_2026031310360_556b] [DEBUG] 创建目录成功：d:\cursor\ums_uiautomator\result\2026031310360_556b\allure_raw
[2026-03-13 10:36:03] [task_2026031310360_556b] [DEBUG] 创建目录成功：d:\cursor\ums_uiautomator\result\2026031310360_556b\allure_html
[2026-03-13 10:36:03] [task_2026031310360_556b] [INFO] 测试目录初始化完成：d:\cursor\ums_uiautomator\result\2026031310360_556b
[2026-03-13 10:36:03] [task_2026031310360_556b] [INFO] 测试用例校验通过：d:\cursor\ums_uiautomator\test_suite\test.py（文件大小：1.52KB）
[2026-03-13 10:36:03] [task_2026031310360_556b] [INFO] 开始执行Pytest测试...
[2026-03-13 10:36:03] [device_AF8YVB1805003480] [INFO] 设备AF8YVB1805003480已存在可用的 uiautomator2 会话，跳过 init
[2026-03-13 10:36:03] [device_AF8YVB1805003480] [INFO] 设备AF8YVB1805003480已存在可用的 uiautomator2 会话，跳过 init
[2026-03-13 10:36:04] [device_AF8YVB1805003480] [INFO] 开始初始化设备：AF8YVB1805003480
[2026-03-13 10:36:04] [device_AF8YVB1805003480] [DEBUG] 设备AF8YVB1805003480在线状态：True
[2026-03-13 10:36:04] [device_AF8YVB1805003480] [DEBUG] 尝试直接连接已存在的 uiautomator2 会话：AF8YVB1805003480
[2026-03-13 10:36:05] [device_AF8YVB1805003480] [INFO] 设备AF8YVB1805003480已存在可用的 uiautomator2 会话，跳过 init
[2026-03-13 10:36:05] [device_AF8YVB1805003480] [INFO] 设备AF8YVB1805003480执行亮屏操作
[2026-03-13 10:36:06] [device_AF8YVB1805003480] [ERROR] 设备AF8YVB1805003480检查文本'相机'失败：[Errno 2] No such file or directory: '/tmp/window_dump.xml'
Traceback (most recent call last):
  File "D:\cursor\ums_uiautomator\core\uiautomator.py", line 200, in check_text_exists
    with open("/tmp/window_dump.xml", "r", encoding="utf-8") as f:
         ~~~~^^^^^^^^^^^^^^^^^^^^^^^^^^^^^^^^^^^^^^^^^^^^^^^
FileNotFoundError: [Errno 2] No such file or directory: '/tmp/window_dump.xml'
[2026-03-13 10:36:07] [device_AF8YVB1805003480] [INFO] 设备AF8YVB1805003480执行按键操作：home
[2026-03-13 10:36:07] [device_AF8YVB1805003480] [INFO] 设备AF8YVB1805003480执行亮屏操作
[2026-03-13 10:36:08] [device_AF8YVB1805003480] [INFO] 设备AF8YVB1805003480执行按键操作：home
[2026-03-13 10:36:08] [device_AF8YVB1805003480] [INFO] 设备AF8YVB1805003480执行亮屏操作
[2026-03-13 10:36:09] [device_AF8YVB1805003480] [INFO] 设备AF8YVB1805003480点击坐标：(100, 100)
[2026-03-13 10:36:09] [device_AF8YVB1805003480] [INFO] 设备AF8YVB1805003480点击坐标：(200, 200)
[2026-03-13 10:36:09] [device_AF8YVB1805003480] [INFO] 两次点击操作完成，测试通过
[2026-03-13 10:36:10] [device_AF8YVB1805003480] [INFO] 设备AF8YVB1805003480执行按键操作：home
[2026-03-13 10:36:10] [task_2026031310360_556b] [INFO] Pytest执行完成（耗时：7.43秒，返回码：1）
[2026-03-13 10:36:10] [task_2026031310360_556b] [INFO] Pytest日志已保存：d:\cursor\ums_uiautomator\result\2026031310360_556b\task_2026031310360_556b.log（大小：0.45KB）
[2026-03-13 10:36:10] [task_2026031310360_556b] [INFO] 开始生成Allure HTML报告...
[2026-03-13 10:36:10] [task_2026031310360_556b] [DEBUG] Allure生成命令包含--clean参数
[2026-03-13 10:36:10] [task_2026031310360_556b] [DEBUG] Allure报告标题：report_2026031310360_556b
[2026-03-13 10:36:10] [task_2026031310360_556b] [DEBUG] Allure生成命令：allure generate d:\cursor\ums_uiautomator\result\2026031310360_556b\allure_raw -o d:\cursor\ums_uiautomator\result\2026031310360_556b\allure_html --clean --title report_2026031310360_556b
[2026-03-13 10:36:14] [task_2026031310360_556b] [INFO] Allure生成日志已保存：d:\cursor\ums_uiautomator\result\2026031310360_556b\allure_generate.log
[2026-03-13 10:36:14] [task_2026031310360_556b] [DEBUG] 报告压缩功能已禁用
[2026-03-13 10:36:14] [task_2026031310360_556b] [INFO] Allure报告生成成功：d:\cursor\ums_uiautomator\result\2026031310360_556b\allure_html\index.html（目录大小：2448.78MB，耗时：3.78秒）
[2026-03-13 10:36:14] [task_2026031310360_556b] [INFO] 报告元数据已保存：d:\cursor\ums_uiautomator\result\2026031310360_556b\report_meta.json
