[2026-03-13 15:17:03] [device_AF8YVB1805003480] [INFO] 开始初始化设备：AF8YVB1805003480
[2026-03-13 15:17:03] [device_AF8YVB1805003480] [INFO] 开始初始化设备：AF8YVB1805003480
[2026-03-13 15:17:03] [device_AF8YVB1805003480] [DEBUG] 设备AF8YVB1805003480在线状态：True
[2026-03-13 15:17:03] [device_AF8YVB1805003480] [DEBUG] 尝试直接连接已存在的 uiautomator2 会话：AF8YVB1805003480
[2026-03-13 15:17:03] [device_AF8YVB1805003480] [DEBUG] 设备AF8YVB1805003480在线状态：True
[2026-03-13 15:17:03] [device_AF8YVB1805003480] [DEBUG] 尝试直接连接已存在的 uiautomator2 会话：AF8YVB1805003480
[2026-03-13 15:17:03] [device_AF8YVB1805003480] [INFO] 设备AF8YVB1805003480已存在可用的 uiautomator2 会话，跳过 init
[2026-03-13 15:17:04] [device_AF8YVB1805003480] [INFO] 设备AF8YVB1805003480已存在可用的 uiautomator2 会话，跳过 init
[2026-03-13 15:17:04] [task_2026031315170_4837] [INFO] 准备测试环境：d:\cursor\ums_uiautomator\result\2026031315170_4837
[2026-03-13 15:17:04] [task_2026031315170_4837] [DEBUG] 创建目录成功：d:\cursor\ums_uiautomator\result\2026031315170_4837\allure_raw
[2026-03-13 15:17:04] [task_2026031315170_4837] [DEBUG] 创建目录成功：d:\cursor\ums_uiautomator\result\2026031315170_4837\allure_html
[2026-03-13 15:17:04] [task_2026031315170_4837] [INFO] 测试目录初始化完成：d:\cursor\ums_uiautomator\result\2026031315170_4837
[2026-03-13 15:17:04] [task_2026031315170_4837] [INFO] 测试用例校验通过：d:\cursor\ums_uiautomator\test_suite\demo.py（文件大小：1.20KB）
[2026-03-13 15:17:04] [task_2026031315170_4837] [INFO] 开始执行Pytest测试...
[2026-03-13 15:17:05] [device_AF8YVB1805003480] [INFO] 开始初始化设备：AF8YVB1805003480
[2026-03-13 15:17:05] [device_AF8YVB1805003480] [DEBUG] 设备AF8YVB1805003480在线状态：True
[2026-03-13 15:17:05] [device_AF8YVB1805003480] [DEBUG] 尝试直接连接已存在的 uiautomator2 会话：AF8YVB1805003480
[2026-03-13 15:17:06] [device_AF8YVB1805003480] [INFO] 设备AF8YVB1805003480已存在可用的 uiautomator2 会话，跳过 init
[2026-03-13 15:17:06] [device_AF8YVB1805003480] [INFO] 设备AF8YVB1805003480执行亮屏操作
[2026-03-13 15:17:11] [device_AF8YVB1805003480] [INFO] 设备AF8YVB1805003480执行按键操作：home
[2026-03-13 15:17:12] [device_AF8YVB1805003480] [INFO] 设备AF8YVB1805003480执行亮屏操作
[2026-03-13 15:17:13] [device_AF8YVB1805003480] [INFO] 设备AF8YVB1805003480执行按键操作：home
