[2026-03-13 15:14:56] [device_AF8YVB1805003480] [INFO] 开始初始化设备：AF8YVB1805003480
[2026-03-13 15:14:56] [device_AF8YVB1805003480] [INFO] 开始初始化设备：AF8YVB1805003480
[2026-03-13 15:14:57] [device_AF8YVB1805003480] [DEBUG] 设备AF8YVB1805003480在线状态：True
[2026-03-13 15:14:57] [device_AF8YVB1805003480] [DEBUG] 设备AF8YVB1805003480在线状态：True
[2026-03-13 15:14:57] [device_AF8YVB1805003480] [DEBUG] 尝试直接连接已存在的 uiautomator2 会话：AF8YVB1805003480
[2026-03-13 15:14:57] [device_AF8YVB1805003480] [DEBUG] 尝试直接连接已存在的 uiautomator2 会话：AF8YVB1805003480
[2026-03-13 15:14:58] [device_AF8YVB1805003480] [INFO] 设备AF8YVB1805003480已存在可用的 uiautomator2 会话，跳过 init
[2026-03-13 15:14:58] [task_2026031315145_333a] [INFO] 准备测试环境：d:\cursor\ums_uiautomator\result\2026031315145_333a
[2026-03-13 15:14:58] [task_2026031315145_333a] [DEBUG] 创建目录成功：d:\cursor\ums_uiautomator\result\2026031315145_333a\allure_raw
[2026-03-13 15:14:58] [task_2026031315145_333a] [DEBUG] 创建目录成功：d:\cursor\ums_uiautomator\result\2026031315145_333a\allure_html
[2026-03-13 15:14:58] [task_2026031315145_333a] [INFO] 测试目录初始化完成：d:\cursor\ums_uiautomator\result\2026031315145_333a
[2026-03-13 15:14:58] [task_2026031315145_333a] [INFO] 测试用例校验通过：d:\cursor\ums_uiautomator\test_suite\demo.py（文件大小：1.20KB）
[2026-03-13 15:14:58] [task_2026031315145_333a] [INFO] 开始执行Pytest测试...
[2026-03-13 15:14:58] [device_AF8YVB1805003480] [INFO] 设备AF8YVB1805003480已存在可用的 uiautomator2 会话，跳过 init
[2026-03-13 15:15:00] [device_AF8YVB1805003480] [INFO] 开始初始化设备：AF8YVB1805003480
[2026-03-13 15:15:00] [device_AF8YVB1805003480] [DEBUG] 设备AF8YVB1805003480在线状态：True
[2026-03-13 15:15:00] [device_AF8YVB1805003480] [DEBUG] 尝试直接连接已存在的 uiautomator2 会话：AF8YVB1805003480
[2026-03-13 15:15:01] [device_AF8YVB1805003480] [DEBUG] 直接连接现有 uiautomator2 会话失败，将执行 init 重新拉起：Push not complete, expect pushed 3746525, actually pushed 3203072
[2026-03-13 15:15:01] [device_AF8YVB1805003480] [INFO] 执行初始化命令：python -m uiautomator2 init AF8YVB1805003480
[2026-03-13 15:15:01] [device_AF8YVB1805003480] [DEBUG] uiautomator2 init 输出：[D 2026-03-13 15:15:01,893 core:254 pid:9900] file u2.jar md5: 3564c56e4ef077f92c0fd32bcb42aea1
[2026-03-13 15:15:01] [device_AF8YVB1805003480] [DEBUG] uiautomator2 init 输出：[D 2026-03-13 15:15:01,955 core:243 pid:9900] file u2.jar already pushed
[2026-03-13 15:15:01] [device_AF8YVB1805003480] [DEBUG] uiautomator2 init 输出：[D 2026-03-13 15:15:01,955 core:111 pid:9900] http request GET /ping None
[2026-03-13 15:15:01] [device_AF8YVB1805003480] [DEBUG] uiautomator2 init 输出：[D 2026-03-13 15:15:01,980 core:254 pid:9900] file u2.jar md5: 3564c56e4ef077f92c0fd32bcb42aea1
[2026-03-13 15:15:02] [device_AF8YVB1805003480] [DEBUG] uiautomator2 init 输出：[D 2026-03-13 15:15:02,051 core:243 pid:9900] file u2.jar already pushed
[2026-03-13 15:15:02] [device_AF8YVB1805003480] [INFO] uiautomator2 init 命令执行完成
[2026-03-13 15:15:02] [device_AF8YVB1805003480] [INFO] 设备AF8YVB1805003480初始化成功，已连接uiautomator2
[2026-03-13 15:15:02] [device_AF8YVB1805003480] [INFO] 设备AF8YVB1805003480执行亮屏操作
[2026-03-13 15:15:10] [device_AF8YVB1805003480] [INFO] 设备AF8YVB1805003480执行按键操作：home
[2026-03-13 15:15:10] [device_AF8YVB1805003480] [INFO] 设备AF8YVB1805003480执行亮屏操作
[2026-03-13 15:15:11] [device_AF8YVB1805003480] [INFO] 设备AF8YVB1805003480执行按键操作：home
[2026-03-13 15:15:21] [device_AF8YVB1805003480] [INFO] 设备AF8YVB1805003480执行按键操作：home
[2026-03-13 15:15:21] [task_2026031315145_333a] [INFO] Pytest执行完成（耗时：22.94秒，返回码：0）
[2026-03-13 15:15:21] [task_2026031315145_333a] [INFO] Pytest日志已保存：d:\cursor\ums_uiautomator\result\2026031315145_333a\task_2026031315145_333a.log（大小：1.07KB）
[2026-03-13 15:15:21] [task_2026031315145_333a] [INFO] 开始生成Allure HTML报告...
[2026-03-13 15:15:21] [task_2026031315145_333a] [DEBUG] Allure生成命令包含--clean参数
[2026-03-13 15:15:21] [task_2026031315145_333a] [DEBUG] Allure报告标题：report_2026031315145_333a
[2026-03-13 15:15:21] [task_2026031315145_333a] [DEBUG] Allure生成命令：allure generate d:\cursor\ums_uiautomator\result\2026031315145_333a\allure_raw -o d:\cursor\ums_uiautomator\result\2026031315145_333a\allure_html --clean --title report_2026031315145_333a
[2026-03-13 15:15:51] [task_2026031315145_333a] [INFO] Allure生成日志已保存：d:\cursor\ums_uiautomator\result\2026031315145_333a\allure_generate.log
[2026-03-13 15:15:51] [task_2026031315145_333a] [DEBUG] 报告压缩功能已禁用
[2026-03-13 15:15:51] [task_2026031315145_333a] [INFO] Allure报告生成成功：d:\cursor\ums_uiautomator\result\2026031315145_333a\allure_html\index.html（目录大小：2435.33MB，耗时：29.95秒）
[2026-03-13 15:15:51] [task_2026031315145_333a] [INFO] 报告元数据已保存：d:\cursor\ums_uiautomator\result\2026031315145_333a\report_meta.json
