[2026-03-04 17:10:43] [device_AF8YVB1805003480] [INFO] 开始初始化设备：AF8YVB1805003480
[2026-03-04 17:10:43] [device_AF8YVB1805003480] [INFO] 开始初始化设备：AF8YVB1805003480
[2026-03-04 17:10:43] [device_AF8YVB1805003480] [DEBUG] 设备AF8YVB1805003480在线状态：True
[2026-03-04 17:10:43] [device_AF8YVB1805003480] [INFO] 执行初始化命令：python -m uiautomator2 init AF8YVB1805003480
[2026-03-04 17:10:43] [device_AF8YVB1805003480] [DEBUG] 设备AF8YVB1805003480在线状态：True
[2026-03-04 17:10:43] [device_AF8YVB1805003480] [INFO] 执行初始化命令：python -m uiautomator2 init AF8YVB1805003480
[2026-03-04 17:10:44] [device_AF8YVB1805003480] [DEBUG] uiautomator2 init 输出：[D 2026-03-04 17:10:44,609 core:254 pid:32248] file u2.jar md5: 3564c56e4ef077f92c0fd32bcb42aea1
[2026-03-04 17:10:44] [device_AF8YVB1805003480] [DEBUG] uiautomator2 init 输出：[D 2026-03-04 17:10:44,609 core:254 pid:11828] file u2.jar md5: 3564c56e4ef077f92c0fd32bcb42aea1
[2026-03-04 17:10:44] [device_AF8YVB1805003480] [DEBUG] uiautomator2 init 输出：[D 2026-03-04 17:10:44,681 core:243 pid:32248] file u2.jar already pushed
[2026-03-04 17:10:44] [device_AF8YVB1805003480] [DEBUG] uiautomator2 init 输出：[D 2026-03-04 17:10:44,682 core:111 pid:32248] http request GET /ping None
[2026-03-04 17:10:44] [device_AF8YVB1805003480] [DEBUG] uiautomator2 init 输出：[D 2026-03-04 17:10:44,685 core:243 pid:11828] file u2.jar already pushed
[2026-03-04 17:10:44] [device_AF8YVB1805003480] [DEBUG] uiautomator2 init 输出：[D 2026-03-04 17:10:44,685 core:111 pid:11828] http request GET /ping None
[2026-03-04 17:10:44] [device_AF8YVB1805003480] [DEBUG] uiautomator2 init 输出：[D 2026-03-04 17:10:44,717 core:71 pid:32248] launch uiautomator with cmd: CLASSPATH=/data/local/tmp/u2.jar app_process / com.wetest.uia2.Main
[2026-03-04 17:10:44] [device_AF8YVB1805003480] [DEBUG] uiautomator2 init 输出：[D 2026-03-04 17:10:44,722 core:71 pid:11828] launch uiautomator with cmd: CLASSPATH=/data/local/tmp/u2.jar app_process / com.wetest.uia2.Main
[2026-03-04 17:10:44] [device_AF8YVB1805003480] [DEBUG] uiautomator2 init 输出：[D 2026-03-04 17:10:44,745 core:111 pid:32248] http request GET /ping None
[2026-03-04 17:10:44] [device_AF8YVB1805003480] [DEBUG] uiautomator2 init 输出：[D 2026-03-04 17:10:44,748 core:111 pid:11828] http request GET /ping None
[2026-03-04 17:10:45] [device_AF8YVB1805003480] [DEBUG] uiautomator2 init 输出：[D 2026-03-04 17:10:45,278 core:111 pid:32248] http request GET /ping None
[2026-03-04 17:10:45] [device_AF8YVB1805003480] [DEBUG] uiautomator2 init 输出：[D 2026-03-04 17:10:45,285 core:111 pid:11828] http request GET /ping None
[2026-03-04 17:10:45] [device_AF8YVB1805003480] [DEBUG] uiautomator2 init 输出：[D 2026-03-04 17:10:45,400 core:39 pid:11828] MockAdbProcess: b'[server] INFO: [UiAutomator2Server] Starting Server\n'
[2026-03-04 17:10:45] [device_AF8YVB1805003480] [DEBUG] uiautomator2 init 输出：[D 2026-03-04 17:10:45,600 core:39 pid:32248] MockAdbProcess: b'[server] INFO: [UiAutomator2Server] Starting Server\n'
[2026-03-04 17:10:45] [device_AF8YVB1805003480] [DEBUG] uiautomator2 init 输出：[D 2026-03-04 17:10:45,606 core:39 pid:11828] MockAdbProcess: b'SLF4J: Failed to load class "org.slf4j.impl.StaticLoggerBinder".\nSLF4J: Defaulting to no-operation (NOP) logger implementation\nSLF4J: See http://www.slf4j.org/codes.html#StaticLoggerBinder for further details.\n'
[2026-03-04 17:10:45] [device_AF8YVB1805003480] [DEBUG] uiautomator2 init 输出：[D 2026-03-04 17:10:45,678 core:39 pid:11828] MockAdbProcess: b'[server] INFO: clipboardManager inited\n'
[2026-03-04 17:10:45] [device_AF8YVB1805003480] [DEBUG] uiautomator2 init 输出：[D 2026-03-04 17:10:45,681 core:39 pid:11828] MockAdbProcess: b'[server] INFO: tmpdir is /data/local/tmp/u2\n'
[2026-03-04 17:10:45] [device_AF8YVB1805003480] [DEBUG] uiautomator2 init 输出：[D 2026-03-04 17:10:45,695 core:39 pid:11828] MockAdbProcess: b'[server] INFO: http server listening on *:9008\n'
[2026-03-04 17:10:45] [device_AF8YVB1805003480] [DEBUG] uiautomator2 init 输出：[D 2026-03-04 17:10:45,759 core:39 pid:32248] MockAdbProcess: b'java.lang.IllegalStateException: UiAutomationService android.accessibilityservice.IAccessibilityServiceClient$Stub$Proxy@f60361already registered!\n\tat android.os.Parcel.createException(Parcel.java:2091)\n\tat android.os.Parcel.readException(Parcel.java:2051)\n\tat android.os.Parcel.readException(Parcel.java:1999)\n'
[2026-03-04 17:10:45] [device_AF8YVB1805003480] [DEBUG] uiautomator2 init 输出：[D 2026-03-04 17:10:45,760 core:39 pid:32248] MockAdbProcess: b'\tat android.view.accessibility.IAccessibilityManager$Stub$Proxy.registerUiTestAutomationService(IAccessibilityManager.java:642)\n\tat android.app.UiAutomationConnection.registerUiTestAutomationServiceLocked(UiAutomationConnection.java:451)\n\tat android.app.UiAutomationConnection.connect(UiAutomationConnection.java:101)\n\tat android.app.UiAutomation.connect(UiAutomation.java:241)\n\tat java.lang.reflect.Method.invoke(Native Method)\n\tat mirror.RefMethod.call(RefMethod.java:63)\n\tat uiautomator.InstrumentShellWrapper.getUiAutomation(InstrumentShellWrapper.java:97)\n\tat androidx.test.uiautomator.UiDevice$Api24Impl.getUiAutomationWithRetry(UiDevice.java:1545)\n\tat androidx.test.uiautomator.UiDevice.getUiAutomation(UiDevice.java:1468)\n\tat androidx.test.uiautomator.QueryController.<init>(QueryController.java:95)\n\tat androidx.test.uiautomator.UiDevice.<init>(UiDevice.java:115)\n\tat androidx.test.uiautomator.UiDevice.getInstance(UiDevice.java:296)\n\tat com.wetest.uia2.Main.runServer(Main.java:50)\n\tat com.wetest.uia2.Main.main(Ma'
[2026-03-04 17:10:45] [device_AF8YVB1805003480] [DEBUG] uiautomator2 init 输出：[D 2026-03-04 17:10:45,760 core:39 pid:32248] MockAdbProcess: b'in.java:30)\n\tat com.android.internal.os.RuntimeInit.nativeFinishInit(Native Method)\n\tat com.android.internal.os.RuntimeInit.main(RuntimeInit.java:359)\n'
[2026-03-04 17:10:45] [device_AF8YVB1805003480] [DEBUG] uiautomator2 init 输出：[D 2026-03-04 17:10:45,761 core:39 pid:32248] MockAdbProcess: b'Caused by: android.os.RemoteException: Remote stack trace:\n\tat com.android.server.accessibility.UiAutomationManager.registerUiTestAutomationServiceLocked(UiAutomationManager.java:102)\n\tat com.android.server.accessibility.AccessibilityManagerService.registerUiTestAutomationService(AccessibilityManagerService.java:911)\n\tat android.view.accessibility.IAccessibilityManager$Stub.onTransact(IAccessibilityManager.java:332)\n\tat android.os.Binder.execTransactInternal(Binder.java:1028)\n\tat android.os.Binder.execTransact(Binder.java:1001)\ncallee: null 1469/15293\n\njava.lang.IllegalStateException: UiAutomation not connected!\n\tat android.app.UiAutomation.throwIfNotConnectedLocked(UiAutomation.java:1198)\n\tat android.app.UiAutomation.getServiceInfo(UiAutomation.java:495)\n\tat androidx.test.uiautomator.UiDevice.getUiAutomation(UiDevice.java:1482)\n\tat androidx.test.uiautomator.QueryController.<init>(QueryController.java:95)\n\tat androidx.test.uiautomator.UiDevice.<init>(UiDevice.java:115)\n\tat androidx.test.uiautomator.UiDevice.g'
[2026-03-04 17:10:45] [device_AF8YVB1805003480] [DEBUG] uiautomator2 init 输出：[D 2026-03-04 17:10:45,761 core:39 pid:32248] MockAdbProcess: b'etInstance(UiDevice.java:296)\n\tat com.wetest.uia2.Main.runServer(Main.java:50)\n\tat com.wetest.uia2.Main.main(Main.java:30)\n\tat com.android.internal.os.RuntimeInit.nativeFinishInit(Native Method)\n\tat com.android.internal.os.RuntimeInit.main(RuntimeInit.java:359)\n'
[2026-03-04 17:10:45] [device_AF8YVB1805003480] [DEBUG] uiautomator2 init 输出：Traceback (most recent call last):
[2026-03-04 17:10:45] [device_AF8YVB1805003480] [DEBUG] uiautomator2 init 输出：File "<frozen runpy>", line 198, in _run_module_as_main
[2026-03-04 17:10:45] [device_AF8YVB1805003480] [DEBUG] uiautomator2 init 输出：File "<frozen runpy>", line 88, in _run_code
[2026-03-04 17:10:45] [device_AF8YVB1805003480] [DEBUG] uiautomator2 init 输出：File "C:\Users\zyli\AppData\Roaming\Python\Python313\site-packages\uiautomator2\__main__.py", line 276, in <module>
[2026-03-04 17:10:45] [device_AF8YVB1805003480] [DEBUG] uiautomator2 init 输出：main()
[2026-03-04 17:10:45] [device_AF8YVB1805003480] [DEBUG] uiautomator2 init 输出：~~~~^^
[2026-03-04 17:10:45] [device_AF8YVB1805003480] [DEBUG] uiautomator2 init 输出：File "C:\Users\zyli\AppData\Roaming\Python\Python313\site-packages\uiautomator2\__main__.py", line 268, in main
[2026-03-04 17:10:45] [device_AF8YVB1805003480] [DEBUG] uiautomator2 init 输出：actions[args.subparser](args)
[2026-03-04 17:10:45] [device_AF8YVB1805003480] [DEBUG] uiautomator2 init 输出：~~~~~~~~~~~~~~~~~~~~~~~^^^^^^
[2026-03-04 17:10:45] [device_AF8YVB1805003480] [DEBUG] uiautomator2 init 输出：File "C:\Users\zyli\AppData\Roaming\Python\Python313\site-packages\uiautomator2\__main__.py", line 26, in cmd_init
[2026-03-04 17:10:45] [device_AF8YVB1805003480] [DEBUG] uiautomator2 init 输出：d = u2.connect(serial)
[2026-03-04 17:10:45] [device_AF8YVB1805003480] [DEBUG] uiautomator2 init 输出：File "C:\Users\zyli\AppData\Roaming\Python\Python313\site-packages\uiautomator2\__init__.py", line 947, in connect
[2026-03-04 17:10:45] [device_AF8YVB1805003480] [DEBUG] uiautomator2 init 输出：return connect_usb(serial)
[2026-03-04 17:10:45] [device_AF8YVB1805003480] [DEBUG] uiautomator2 init 输出：[D 2026-03-04 17:10:45,818 core:111 pid:11828] http request GET /ping None
[2026-03-04 17:10:45] [device_AF8YVB1805003480] [DEBUG] uiautomator2 init 输出：File "C:\Users\zyli\AppData\Roaming\Python\Python313\site-packages\uiautomator2\__init__.py", line 963, in connect_usb
[2026-03-04 17:10:45] [device_AF8YVB1805003480] [DEBUG] uiautomator2 init 输出：return Device(serial)
[2026-03-04 17:10:45] [device_AF8YVB1805003480] [DEBUG] uiautomator2 init 输出：File "C:\Users\zyli\AppData\Roaming\Python\Python313\site-packages\uiautomator2\base.py", line 38, in __init__
[2026-03-04 17:10:45] [device_AF8YVB1805003480] [DEBUG] uiautomator2 init 输出：BasicUiautomatorServer.__init__(self, self._dev)
[2026-03-04 17:10:45] [device_AF8YVB1805003480] [DEBUG] uiautomator2 init 输出：~~~~~~~~~~~~~~~~~~~~~~~~~~~~~~~^^^^^^^^^^^^^^^^^
[2026-03-04 17:10:45] [device_AF8YVB1805003480] [DEBUG] uiautomator2 init 输出：File "C:\Users\zyli\AppData\Roaming\Python\Python313\site-packages\uiautomator2\core.py", line 212, in __init__
[2026-03-04 17:10:45] [device_AF8YVB1805003480] [DEBUG] uiautomator2 init 输出：self.start_uiautomator()
[2026-03-04 17:10:45] [device_AF8YVB1805003480] [DEBUG] uiautomator2 init 输出：~~~~~~~~~~~~~~~~~~~~~~^^
[2026-03-04 17:10:45] [device_AF8YVB1805003480] [DEBUG] uiautomator2 init 输出：File "C:\Users\zyli\AppData\Roaming\Python\Python313\site-packages\uiautomator2\core.py", line 237, in start_uiautomator
[2026-03-04 17:10:45] [device_AF8YVB1805003480] [DEBUG] uiautomator2 init 输出：self._wait_ready()
[2026-03-04 17:10:45] [device_AF8YVB1805003480] [DEBUG] uiautomator2 init 输出：~~~~~~~~~~~~~~~~^^
[2026-03-04 17:10:45] [device_AF8YVB1805003480] [DEBUG] uiautomator2 init 输出：File "C:\Users\zyli\AppData\Roaming\Python\Python313\site-packages\uiautomator2\core.py", line 260, in _wait_ready
[2026-03-04 17:10:45] [device_AF8YVB1805003480] [DEBUG] uiautomator2 init 输出：self._wait_app_process_ready(launch_timeout)
[2026-03-04 17:10:45] [device_AF8YVB1805003480] [DEBUG] uiautomator2 init 输出：~~~~~~~~~~~~~~~~~~~~~~~~~~~~^^^^^^^^^^^^^^^^
[2026-03-04 17:10:45] [device_AF8YVB1805003480] [DEBUG] uiautomator2 init 输出：File "C:\Users\zyli\AppData\Roaming\Python\Python313\site-packages\uiautomator2\core.py", line 280, in _wait_app_process_ready
[2026-03-04 17:10:45] [device_AF8YVB1805003480] [DEBUG] uiautomator2 init 输出：raise AccessibilityServiceAlreadyRegisteredError(output)
[2026-03-04 17:10:45] [device_AF8YVB1805003480] [DEBUG] uiautomator2 init 输出：uiautomator2.exceptions.AccessibilityServiceAlreadyRegisteredError: [server] INFO: [UiAutomator2Server] Starting Server
[2026-03-04 17:10:45] [device_AF8YVB1805003480] [DEBUG] uiautomator2 init 输出：java.lang.IllegalStateException: UiAutomationService android.accessibilityservice.IAccessibilityServiceClient$Stub$Proxy@f60361already registered!
[2026-03-04 17:10:45] [device_AF8YVB1805003480] [DEBUG] uiautomator2 init 输出：at android.os.Parcel.createException(Parcel.java:2091)
[2026-03-04 17:10:45] [device_AF8YVB1805003480] [DEBUG] uiautomator2 init 输出：at android.os.Parcel.readException(Parcel.java:2051)
[2026-03-04 17:10:45] [device_AF8YVB1805003480] [DEBUG] uiautomator2 init 输出：at android.os.Parcel.readException(Parcel.java:1999)
[2026-03-04 17:10:45] [device_AF8YVB1805003480] [DEBUG] uiautomator2 init 输出：at android.view.accessibility.IAccessibilityManager$Stub$Proxy.registerUiTestAutomationService(IAccessibilityManager.java:642)
[2026-03-04 17:10:45] [device_AF8YVB1805003480] [DEBUG] uiautomator2 init 输出：at android.app.UiAutomationConnection.registerUiTestAutomationServiceLocked(UiAutomationConnection.java:451)
[2026-03-04 17:10:45] [device_AF8YVB1805003480] [DEBUG] uiautomator2 init 输出：at android.app.UiAutomationConnection.connect(UiAutomationConnection.java:101)
[2026-03-04 17:10:45] [device_AF8YVB1805003480] [DEBUG] uiautomator2 init 输出：at android.app.UiAutomation.connect(UiAutomation.java:241)
[2026-03-04 17:10:45] [device_AF8YVB1805003480] [DEBUG] uiautomator2 init 输出：at java.lang.reflect.Method.invoke(Native Method)
[2026-03-04 17:10:45] [device_AF8YVB1805003480] [DEBUG] uiautomator2 init 输出：at mirror.RefMethod.call(RefMethod.java:63)
[2026-03-04 17:10:45] [device_AF8YVB1805003480] [DEBUG] uiautomator2 init 输出：at uiautomator.InstrumentShellWrapper.getUiAutomation(InstrumentShellWrapper.java:97)
[2026-03-04 17:10:45] [device_AF8YVB1805003480] [DEBUG] uiautomator2 init 输出：at androidx.test.uiautomator.UiDevice$Api24Impl.getUiAutomationWithRetry(UiDevice.java:1545)
[2026-03-04 17:10:45] [device_AF8YVB1805003480] [DEBUG] uiautomator2 init 输出：at androidx.test.uiautomator.UiDevice.getUiAutomation(UiDevice.java:1468)
[2026-03-04 17:10:45] [device_AF8YVB1805003480] [DEBUG] uiautomator2 init 输出：at androidx.test.uiautomator.QueryController.<init>(QueryController.java:95)
[2026-03-04 17:10:45] [device_AF8YVB1805003480] [DEBUG] uiautomator2 init 输出：at androidx.test.uiautomator.UiDevice.<init>(UiDevice.java:115)
[2026-03-04 17:10:45] [device_AF8YVB1805003480] [DEBUG] uiautomator2 init 输出：at androidx.test.uiautomator.UiDevice.getInstance(UiDevice.java:296)
[2026-03-04 17:10:45] [device_AF8YVB1805003480] [DEBUG] uiautomator2 init 输出：at com.wetest.uia2.Main.runServer(Main.java:50)
[2026-03-04 17:10:45] [device_AF8YVB1805003480] [DEBUG] uiautomator2 init 输出：at com.wetest.uia2.Main.main(Main.java:30)
[2026-03-04 17:10:45] [device_AF8YVB1805003480] [DEBUG] uiautomator2 init 输出：at com.android.internal.os.RuntimeInit.nativeFinishInit(Native Method)
[2026-03-04 17:10:45] [device_AF8YVB1805003480] [DEBUG] uiautomator2 init 输出：at com.android.internal.os.RuntimeInit.main(RuntimeInit.java:359)
[2026-03-04 17:10:45] [device_AF8YVB1805003480] [DEBUG] uiautomator2 init 输出：Caused by: android.os.RemoteException: Remote stack trace:
[2026-03-04 17:10:45] [device_AF8YVB1805003480] [DEBUG] uiautomator2 init 输出：at com.android.server.accessibility.UiAutomationManager.registerUiTestAutomationServiceLocked(UiAutomationManager.java:102)
[2026-03-04 17:10:45] [device_AF8YVB1805003480] [DEBUG] uiautomator2 init 输出：at com.android.server.accessibility.AccessibilityManagerService.registerUiTestAutomationService(AccessibilityManagerService.java:911)
[2026-03-04 17:10:45] [device_AF8YVB1805003480] [DEBUG] uiautomator2 init 输出：at android.view.accessibility.IAccessibilityManager$Stub.onTransact(IAccessibilityManager.java:332)
[2026-03-04 17:10:45] [device_AF8YVB1805003480] [DEBUG] uiautomator2 init 输出：at android.os.Binder.execTransactInternal(Binder.java:1028)
[2026-03-04 17:10:45] [device_AF8YVB1805003480] [DEBUG] uiautomator2 init 输出：at android.os.Binder.execTransact(Binder.java:1001)
[2026-03-04 17:10:45] [device_AF8YVB1805003480] [DEBUG] uiautomator2 init 输出：callee: null 1469/15293
[2026-03-04 17:10:45] [device_AF8YVB1805003480] [DEBUG] uiautomator2 init 输出：
[2026-03-04 17:10:45] [device_AF8YVB1805003480] [DEBUG] uiautomator2 init 输出：java.lang.IllegalStateException: UiAutomation not connected!
[2026-03-04 17:10:45] [device_AF8YVB1805003480] [DEBUG] uiautomator2 init 输出：at android.app.UiAutomation.throwIfNotConnectedLocked(UiAutomation.java:1198)
[2026-03-04 17:10:45] [device_AF8YVB1805003480] [DEBUG] uiautomator2 init 输出：at android.app.UiAutomation.getServiceInfo(UiAutomation.java:495)
[2026-03-04 17:10:45] [device_AF8YVB1805003480] [DEBUG] uiautomator2 init 输出：at androidx.test.uiautomator.UiDevice.getUiAutomation(UiDevice.java:1482)
[2026-03-04 17:10:45] [device_AF8YVB1805003480] [DEBUG] uiautomator2 init 输出：at androidx.test.uiautomator.QueryController.<init>(QueryController.java:95)
[2026-03-04 17:10:45] [device_AF8YVB1805003480] [DEBUG] uiautomator2 init 输出：at androidx.test.uiautomator.UiDevice.<init>(UiDevice.java:115)
[2026-03-04 17:10:45] [device_AF8YVB1805003480] [DEBUG] uiautomator2 init 输出：at androidx.test.uiautomator.UiDevice.getInstance(UiDevice.java:296)
[2026-03-04 17:10:45] [device_AF8YVB1805003480] [DEBUG] uiautomator2 init 输出：at com.wetest.uia2.Main.runServer(Main.java:50)
[2026-03-04 17:10:45] [device_AF8YVB1805003480] [DEBUG] uiautomator2 init 输出：at com.wetest.uia2.Main.main(Main.java:30)
[2026-03-04 17:10:45] [device_AF8YVB1805003480] [DEBUG] uiautomator2 init 输出：at com.android.internal.os.RuntimeInit.nativeFinishInit(Native Method)
[2026-03-04 17:10:45] [device_AF8YVB1805003480] [DEBUG] uiautomator2 init 输出：at com.android.internal.os.RuntimeInit.main(RuntimeInit.java:359)
[2026-03-04 17:10:45] [device_AF8YVB1805003480] [DEBUG] uiautomator2 init 输出：
[2026-03-04 17:10:45] [device_AF8YVB1805003480] [DEBUG] uiautomator2 init 输出：[D 2026-03-04 17:10:45,864 core:254 pid:11828] file u2.jar md5: 3564c56e4ef077f92c0fd32bcb42aea1
[2026-03-04 17:10:45] [device_AF8YVB1805003480] [ERROR] 设备AF8YVB1805003480初始化失败：uiautomator2 init 执行失败（返回码：1）
Traceback (most recent call last):
  File "d:\cursor\ums_uiautomator\core\uiautomator.py", line 32, in _init_device
    self._run_uiautomator2_init()
    ~~~~~~~~~~~~~~~~~~~~~~~~~~~^^
  File "d:\cursor\ums_uiautomator\core\uiautomator.py", line 81, in _run_uiautomator2_init
    raise RuntimeError(
        f"uiautomator2 init 执行失败（返回码：{process.returncode}）"
    )
RuntimeError: uiautomator2 init 执行失败（返回码：1）
[2026-03-04 17:10:45] [device_AF8YVB1805003480] [DEBUG] uiautomator2 init 输出：[D 2026-03-04 17:10:45,934 core:243 pid:11828] file u2.jar already pushed
[2026-03-04 17:10:45] [device_AF8YVB1805003480] [INFO] uiautomator2 init 命令执行完成
[2026-03-04 17:10:46] [device_AF8YVB1805003480] [INFO] 设备AF8YVB1805003480初始化成功，已连接uiautomator2
[2026-03-04 17:10:46] [task_2026030417104_478f] [INFO] 准备测试环境：d:\cursor\ums_uiautomator\result\2026030417104_478f
[2026-03-04 17:10:46] [task_2026030417104_478f] [DEBUG] 创建目录成功：d:\cursor\ums_uiautomator\result\2026030417104_478f\allure_raw
[2026-03-04 17:10:46] [task_2026030417104_478f] [DEBUG] 创建目录成功：d:\cursor\ums_uiautomator\result\2026030417104_478f\allure_html
[2026-03-04 17:10:46] [task_2026030417104_478f] [INFO] 测试目录初始化完成：d:\cursor\ums_uiautomator\result\2026030417104_478f
[2026-03-04 17:10:46] [task_2026030417104_478f] [INFO] 测试用例校验通过：d:\cursor\ums_uiautomator\test_suite\demo.py（文件大小：1.20KB）
[2026-03-04 17:10:46] [task_2026030417104_478f] [INFO] 开始执行Pytest测试...
[2026-03-04 17:10:47] [device_AF8YVB1805003480] [INFO] 开始初始化设备：AF8YVB1805003480
[2026-03-04 17:10:47] [device_AF8YVB1805003480] [DEBUG] 设备AF8YVB1805003480在线状态：True
[2026-03-04 17:10:47] [device_AF8YVB1805003480] [INFO] 执行初始化命令：python -m uiautomator2 init AF8YVB1805003480
[2026-03-04 17:10:48] [device_AF8YVB1805003480] [DEBUG] uiautomator2 init 输出：[D 2026-03-04 17:10:48,348 core:254 pid:39252] file u2.jar md5: 3564c56e4ef077f92c0fd32bcb42aea1
[2026-03-04 17:10:48] [device_AF8YVB1805003480] [DEBUG] uiautomator2 init 输出：[D 2026-03-04 17:10:48,419 core:243 pid:39252] file u2.jar already pushed
[2026-03-04 17:10:48] [device_AF8YVB1805003480] [DEBUG] uiautomator2 init 输出：[D 2026-03-04 17:10:48,420 core:111 pid:39252] http request GET /ping None
[2026-03-04 17:10:48] [device_AF8YVB1805003480] [DEBUG] uiautomator2 init 输出：[D 2026-03-04 17:10:48,451 core:71 pid:39252] launch uiautomator with cmd: CLASSPATH=/data/local/tmp/u2.jar app_process / com.wetest.uia2.Main
[2026-03-04 17:10:48] [device_AF8YVB1805003480] [DEBUG] uiautomator2 init 输出：[D 2026-03-04 17:10:48,473 core:111 pid:39252] http request GET /ping None
[2026-03-04 17:10:49] [device_AF8YVB1805003480] [DEBUG] uiautomator2 init 输出：[D 2026-03-04 17:10:49,005 core:111 pid:39252] http request GET /ping None
[2026-03-04 17:10:49] [device_AF8YVB1805003480] [DEBUG] uiautomator2 init 输出：[D 2026-03-04 17:10:49,109 core:39 pid:39252] MockAdbProcess: b'[server] INFO: [UiAutomator2Server] Starting Server\n'
[2026-03-04 17:10:49] [device_AF8YVB1805003480] [DEBUG] uiautomator2 init 输出：[D 2026-03-04 17:10:49,292 core:39 pid:39252] MockAdbProcess: b'SLF4J: Failed to load class "org.slf4j.impl.StaticLoggerBinder".\nSLF4J: Defaulting to no-operation (NOP) logger implementation\nSLF4J: See http://www.slf4j.org/codes.html#StaticLoggerBinder for further details.\n'
[2026-03-04 17:10:49] [device_AF8YVB1805003480] [DEBUG] uiautomator2 init 输出：[D 2026-03-04 17:10:49,356 core:39 pid:39252] MockAdbProcess: b'[server] INFO: clipboardManager inited\n'
[2026-03-04 17:10:49] [device_AF8YVB1805003480] [DEBUG] uiautomator2 init 输出：[D 2026-03-04 17:10:49,361 core:39 pid:39252] MockAdbProcess: b'[server] INFO: tmpdir is /data/local/tmp/u2\n'
[2026-03-04 17:10:49] [device_AF8YVB1805003480] [DEBUG] uiautomator2 init 输出：[D 2026-03-04 17:10:49,375 core:39 pid:39252] MockAdbProcess: b'[server] INFO: http server listening on *:9008\n'
[2026-03-04 17:10:49] [device_AF8YVB1805003480] [DEBUG] uiautomator2 init 输出：[D 2026-03-04 17:10:49,539 core:111 pid:39252] http request GET /ping None
[2026-03-04 17:10:49] [device_AF8YVB1805003480] [DEBUG] uiautomator2 init 输出：[D 2026-03-04 17:10:49,584 core:254 pid:39252] file u2.jar md5: 3564c56e4ef077f92c0fd32bcb42aea1
[2026-03-04 17:10:49] [device_AF8YVB1805003480] [DEBUG] uiautomator2 init 输出：[D 2026-03-04 17:10:49,655 core:243 pid:39252] file u2.jar already pushed
[2026-03-04 17:10:49] [device_AF8YVB1805003480] [INFO] uiautomator2 init 命令执行完成
[2026-03-04 17:10:50] [device_AF8YVB1805003480] [INFO] 设备AF8YVB1805003480初始化成功，已连接uiautomator2
[2026-03-04 17:10:50] [device_AF8YVB1805003480] [INFO] 设备AF8YVB1805003480执行亮屏操作
[2026-03-04 17:10:51] [device_AF8YVB1805003480] [INFO] 设备AF8YVB1805003480执行按键操作：home
[2026-03-04 17:10:52] [device_AF8YVB1805003480] [INFO] 设备AF8YVB1805003480执行亮屏操作
[2026-03-04 17:10:54] [device_AF8YVB1805003480] [INFO] 设备AF8YVB1805003480执行按键操作：home
[2026-03-04 17:11:05] [device_AF8YVB1805003480] [INFO] 设备AF8YVB1805003480执行按键操作：home
[2026-03-04 17:11:05] [task_2026030417104_478f] [INFO] Pytest执行完成（耗时：19.04秒，返回码：1）
[2026-03-04 17:11:05] [task_2026030417104_478f] [INFO] Pytest日志已保存：d:\cursor\ums_uiautomator\result\2026030417104_478f\task_2026030417104_478f.log（大小：0.45KB）
[2026-03-04 17:11:05] [task_2026030417104_478f] [INFO] 开始生成Allure HTML报告...
[2026-03-04 17:11:05] [task_2026030417104_478f] [DEBUG] Allure生成命令包含--clean参数
[2026-03-04 17:11:05] [task_2026030417104_478f] [DEBUG] Allure报告标题：report_2026030417104_478f
[2026-03-04 17:11:05] [task_2026030417104_478f] [DEBUG] Allure生成命令：allure generate d:\cursor\ums_uiautomator\result\2026030417104_478f\allure_raw -o d:\cursor\ums_uiautomator\result\2026030417104_478f\allure_html --clean --title report_2026030417104_478f
[2026-03-04 17:11:12] [task_2026030417104_478f] [INFO] Allure生成日志已保存：d:\cursor\ums_uiautomator\result\2026030417104_478f\allure_generate.log
[2026-03-04 17:11:12] [task_2026030417104_478f] [DEBUG] 报告压缩功能已禁用
[2026-03-04 17:11:12] [task_2026030417104_478f] [INFO] Allure报告生成成功：d:\cursor\ums_uiautomator\result\2026030417104_478f\allure_html\index.html（目录大小：2443.81MB，耗时：7.41秒）
[2026-03-04 17:11:12] [task_2026030417104_478f] [INFO] 报告元数据已保存：d:\cursor\ums_uiautomator\result\2026030417104_478f\report_meta.json
