[2026-03-04 18:36:34] [device_AF8YVB1805003480] [INFO] 开始初始化设备：AF8YVB1805003480
[2026-03-04 18:36:34] [device_AF8YVB1805003480] [INFO] 开始初始化设备：AF8YVB1805003480
[2026-03-04 18:36:35] [device_AF8YVB1805003480] [DEBUG] 设备AF8YVB1805003480在线状态：True
[2026-03-04 18:36:35] [device_AF8YVB1805003480] [DEBUG] 设备AF8YVB1805003480在线状态：True
[2026-03-04 18:36:35] [device_AF8YVB1805003480] [INFO] 执行初始化命令：python -m uiautomator2 init AF8YVB1805003480
[2026-03-04 18:36:35] [device_AF8YVB1805003480] [INFO] 执行初始化命令：python -m uiautomator2 init AF8YVB1805003480
[2026-03-04 18:36:35] [device_AF8YVB1805003480] [DEBUG] uiautomator2 init 输出：[D 2026-03-04 18:36:35,648 core:254 pid:17356] file u2.jar md5: 3564c56e4ef077f92c0fd32bcb42aea1
[2026-03-04 18:36:35] [device_AF8YVB1805003480] [DEBUG] uiautomator2 init 输出：[D 2026-03-04 18:36:35,648 core:254 pid:30612] file u2.jar md5: 3564c56e4ef077f92c0fd32bcb42aea1
[2026-03-04 18:36:35] [device_AF8YVB1805003480] [DEBUG] uiautomator2 init 输出：[D 2026-03-04 18:36:35,718 core:243 pid:30612] file u2.jar already pushed
[2026-03-04 18:36:35] [device_AF8YVB1805003480] [DEBUG] uiautomator2 init 输出：[D 2026-03-04 18:36:35,718 core:111 pid:30612] http request GET /ping None
[2026-03-04 18:36:35] [device_AF8YVB1805003480] [DEBUG] uiautomator2 init 输出：[D 2026-03-04 18:36:35,720 core:243 pid:17356] file u2.jar already pushed
[2026-03-04 18:36:35] [device_AF8YVB1805003480] [DEBUG] uiautomator2 init 输出：[D 2026-03-04 18:36:35,720 core:111 pid:17356] http request GET /ping None
[2026-03-04 18:36:35] [device_AF8YVB1805003480] [DEBUG] uiautomator2 init 输出：[D 2026-03-04 18:36:35,750 core:71 pid:17356] launch uiautomator with cmd: CLASSPATH=/data/local/tmp/u2.jar app_process / com.wetest.uia2.Main
[2026-03-04 18:36:35] [device_AF8YVB1805003480] [DEBUG] uiautomator2 init 输出：[D 2026-03-04 18:36:35,766 core:71 pid:30612] launch uiautomator with cmd: CLASSPATH=/data/local/tmp/u2.jar app_process / com.wetest.uia2.Main
[2026-03-04 18:36:35] [device_AF8YVB1805003480] [DEBUG] uiautomator2 init 输出：[D 2026-03-04 18:36:35,787 core:111 pid:30612] http request GET /ping None
[2026-03-04 18:36:35] [device_AF8YVB1805003480] [DEBUG] uiautomator2 init 输出：[D 2026-03-04 18:36:35,791 core:111 pid:17356] http request GET /ping None
[2026-03-04 18:36:36] [device_AF8YVB1805003480] [DEBUG] uiautomator2 init 输出：[D 2026-03-04 18:36:36,315 core:111 pid:30612] http request GET /ping None
[2026-03-04 18:36:36] [device_AF8YVB1805003480] [DEBUG] uiautomator2 init 输出：[D 2026-03-04 18:36:36,319 core:111 pid:17356] http request GET /ping None
[2026-03-04 18:36:36] [device_AF8YVB1805003480] [DEBUG] uiautomator2 init 输出：[D 2026-03-04 18:36:36,410 core:39 pid:17356] MockAdbProcess: b'[server] INFO: [UiAutomator2Server] Starting Server\n'
[2026-03-04 18:36:36] [device_AF8YVB1805003480] [DEBUG] uiautomator2 init 输出：[D 2026-03-04 18:36:36,591 core:39 pid:30612] MockAdbProcess: b'[server] INFO: [UiAutomator2Server] Starting Server\n'
[2026-03-04 18:36:36] [device_AF8YVB1805003480] [DEBUG] uiautomator2 init 输出：[D 2026-03-04 18:36:36,596 core:39 pid:17356] MockAdbProcess: b'SLF4J: Failed to load class "org.slf4j.impl.StaticLoggerBinder".\nSLF4J: Defaulting to no-operation (NOP) logger implementation\nSLF4J: See http://www.slf4j.org/codes.html#StaticLoggerBinder for further details.\n'
[2026-03-04 18:36:36] [device_AF8YVB1805003480] [DEBUG] uiautomator2 init 输出：[D 2026-03-04 18:36:36,671 core:39 pid:17356] MockAdbProcess: b'[server] INFO: clipboardManager inited\n'
[2026-03-04 18:36:36] [device_AF8YVB1805003480] [DEBUG] uiautomator2 init 输出：[D 2026-03-04 18:36:36,675 core:39 pid:17356] MockAdbProcess: b'[server] INFO: tmpdir is /data/local/tmp/u2\n'
[2026-03-04 18:36:36] [device_AF8YVB1805003480] [DEBUG] uiautomator2 init 输出：[D 2026-03-04 18:36:36,690 core:39 pid:17356] MockAdbProcess: b'[server] INFO: http server listening on *:9008\n'
[2026-03-04 18:36:36] [device_AF8YVB1805003480] [DEBUG] uiautomator2 init 输出：[D 2026-03-04 18:36:36,759 core:39 pid:30612] MockAdbProcess: b'java.lang.IllegalStateException: UiAutomationService android.accessibilityservice.IAccessibilityServiceClient$Stub$Proxy@1ed7782already registered!\n\tat android.os.Parcel.createException(Parcel.java:2091)\n\tat android.os.Parcel.readException(Parcel.java:2051)\n\tat android.os.Parcel.readException(Parcel.java:1999)\n\tat android.view.accessibility.IAccessibilityManager$Stub$Proxy.registerUiTestAutomationService(IAccessibilityManager.java:642)\n\tat android.app.UiAutomationConnection.registerUiTestAutomationServiceLocked(UiAutomationConnection.java:451)'
[2026-03-04 18:36:36] [device_AF8YVB1805003480] [DEBUG] uiautomator2 init 输出：[D 2026-03-04 18:36:36,760 core:39 pid:30612] MockAdbProcess: b'\n\tat android.app.UiAutomationConnection.connect(UiAutomationConnection.java:101)\n\tat android.app.UiAutomation.connect(UiAutomation.java:241)\n\tat java.lang.reflect.Method.invoke(Native Method)\n\tat mirror.RefMethod.call(RefMethod.java:63)\n\tat uiautomator.InstrumentShellWrapper.getUiAutomation(InstrumentShellWrapper.java:97)\n\tat androidx.test.uiautomator.UiDevice$Api24Impl.getUiAutomationWithRetry(UiDevice.java:1545)\n\tat androidx.test.uiautomator.UiDevice.getUiAutomation(UiDevice.java:1468)\n\tat androidx.test.uiautomator.QueryController.<init>(QueryController.java:95)\n\tat androidx.test.uiautomator.UiDevice.<init>(UiDevice.java:115)\n\tat androidx.test.uiautomator.UiDevice.getInstance(UiDevice.java:296)\n\tat com.wetest.uia2.Main.runServer(Main.java:50)\n\tat com.wetest.uia2.Main.main(Main.java:30)\n\tat com.android.internal.os.RuntimeInit.nativeFinishInit(Native Method)\n\tat com.android.internal.os.RuntimeInit.main(RuntimeInit.java:359)\nCaused by: android.os.RemoteException: Remote stack trace:\n\tat com.android.server.acce'
[2026-03-04 18:36:36] [device_AF8YVB1805003480] [DEBUG] uiautomator2 init 输出：[D 2026-03-04 18:36:36,760 core:39 pid:30612] MockAdbProcess: b'ssibility.UiAutomationManager.registerUiTestAutomationServiceLocked(UiAutomationManager.java:102)\n\tat com.android.server.accessibility.AccessibilityManagerService.registerUiTestAutomationService(AccessibilityManagerService.java:911)\n\tat android.view.accessibility.IAccessibilityManager$Stub.onTransact(IAccessibilityManager.java:332)\n\tat android.os.Binder.execTransactInternal(Binder.java:1028)\n\tat android.os.Binder.execTransact(Binder.java:1001)\ncallee: null 1469/2343\n\n'
[2026-03-04 18:36:36] [device_AF8YVB1805003480] [DEBUG] uiautomator2 init 输出：[D 2026-03-04 18:36:36,761 core:39 pid:30612] MockAdbProcess: b'java.lang.IllegalStateException: UiAutomation not connected!\n\tat android.app.UiAutomation.throwIfNotConnectedLocked(UiAutomation.java:1198)\n\tat android.app.UiAutomation.getServiceInfo(UiAutomation.java:495)\n\tat androidx.test.uiautomator.UiDevice.getUiAutomation(UiDevice.java:1482)\n\tat androidx.test.uiautomator.QueryController.<init>(QueryController.java:95)\n\tat androidx.test.uiautomator.UiDevice.<init>(UiDevice.java:115)\n\tat androidx.test.uiautomator.UiDevice.getInstance(UiDevice.java:296)\n\tat com.wetest.uia2.Main.runServer(Main.java:50)\n\tat com.wetest.uia2.Main.main(Main.java:30)\n\tat com.android.internal.os.RuntimeInit.nativeFinishInit(Native Method)\n\tat com.android.internal.os.RuntimeInit.main(RuntimeInit.java:359)\n'
[2026-03-04 18:36:36] [device_AF8YVB1805003480] [DEBUG] uiautomator2 init 输出：[D 2026-03-04 18:36:36,852 core:111 pid:17356] http request GET /ping None
[2026-03-04 18:36:36] [device_AF8YVB1805003480] [DEBUG] uiautomator2 init 输出：[D 2026-03-04 18:36:36,894 core:254 pid:17356] file u2.jar md5: 3564c56e4ef077f92c0fd32bcb42aea1
[2026-03-04 18:36:36] [device_AF8YVB1805003480] [DEBUG] uiautomator2 init 输出：Traceback (most recent call last):
[2026-03-04 18:36:36] [device_AF8YVB1805003480] [DEBUG] uiautomator2 init 输出：File "<frozen runpy>", line 198, in _run_module_as_main
[2026-03-04 18:36:36] [device_AF8YVB1805003480] [DEBUG] uiautomator2 init 输出：File "<frozen runpy>", line 88, in _run_code
[2026-03-04 18:36:36] [device_AF8YVB1805003480] [DEBUG] uiautomator2 init 输出：File "C:\Users\zyli\AppData\Roaming\Python\Python313\site-packages\uiautomator2\__main__.py", line 276, in <module>
[2026-03-04 18:36:36] [device_AF8YVB1805003480] [DEBUG] uiautomator2 init 输出：main()
[2026-03-04 18:36:36] [device_AF8YVB1805003480] [DEBUG] uiautomator2 init 输出：~~~~^^
[2026-03-04 18:36:36] [device_AF8YVB1805003480] [DEBUG] uiautomator2 init 输出：File "C:\Users\zyli\AppData\Roaming\Python\Python313\site-packages\uiautomator2\__main__.py", line 268, in main
[2026-03-04 18:36:36] [device_AF8YVB1805003480] [DEBUG] uiautomator2 init 输出：actions[args.subparser](args)
[2026-03-04 18:36:36] [device_AF8YVB1805003480] [DEBUG] uiautomator2 init 输出：~~~~~~~~~~~~~~~~~~~~~~~^^^^^^
[2026-03-04 18:36:36] [device_AF8YVB1805003480] [DEBUG] uiautomator2 init 输出：File "C:\Users\zyli\AppData\Roaming\Python\Python313\site-packages\uiautomator2\__main__.py", line 26, in cmd_init
[2026-03-04 18:36:36] [device_AF8YVB1805003480] [DEBUG] uiautomator2 init 输出：d = u2.connect(serial)
[2026-03-04 18:36:36] [device_AF8YVB1805003480] [DEBUG] uiautomator2 init 输出：File "C:\Users\zyli\AppData\Roaming\Python\Python313\site-packages\uiautomator2\__init__.py", line 947, in connect
[2026-03-04 18:36:36] [device_AF8YVB1805003480] [DEBUG] uiautomator2 init 输出：return connect_usb(serial)
[2026-03-04 18:36:36] [device_AF8YVB1805003480] [DEBUG] uiautomator2 init 输出：File "C:\Users\zyli\AppData\Roaming\Python\Python313\site-packages\uiautomator2\__init__.py", line 963, in connect_usb
[2026-03-04 18:36:36] [device_AF8YVB1805003480] [DEBUG] uiautomator2 init 输出：return Device(serial)
[2026-03-04 18:36:36] [device_AF8YVB1805003480] [DEBUG] uiautomator2 init 输出：File "C:\Users\zyli\AppData\Roaming\Python\Python313\site-packages\uiautomator2\base.py", line 38, in __init__
[2026-03-04 18:36:36] [device_AF8YVB1805003480] [DEBUG] uiautomator2 init 输出：BasicUiautomatorServer.__init__(self, self._dev)
[2026-03-04 18:36:36] [device_AF8YVB1805003480] [DEBUG] uiautomator2 init 输出：~~~~~~~~~~~~~~~~~~~~~~~~~~~~~~~^^^^^^^^^^^^^^^^^
[2026-03-04 18:36:36] [device_AF8YVB1805003480] [DEBUG] uiautomator2 init 输出：File "C:\Users\zyli\AppData\Roaming\Python\Python313\site-packages\uiautomator2\core.py", line 212, in __init__
[2026-03-04 18:36:36] [device_AF8YVB1805003480] [DEBUG] uiautomator2 init 输出：self.start_uiautomator()
[2026-03-04 18:36:36] [device_AF8YVB1805003480] [DEBUG] uiautomator2 init 输出：~~~~~~~~~~~~~~~~~~~~~~^^
[2026-03-04 18:36:36] [device_AF8YVB1805003480] [DEBUG] uiautomator2 init 输出：File "C:\Users\zyli\AppData\Roaming\Python\Python313\site-packages\uiautomator2\core.py", line 237, in start_uiautomator
[2026-03-04 18:36:36] [device_AF8YVB1805003480] [DEBUG] uiautomator2 init 输出：self._wait_ready()
[2026-03-04 18:36:36] [device_AF8YVB1805003480] [DEBUG] uiautomator2 init 输出：~~~~~~~~~~~~~~~~^^
[2026-03-04 18:36:36] [device_AF8YVB1805003480] [DEBUG] uiautomator2 init 输出：File "C:\Users\zyli\AppData\Roaming\Python\Python313\site-packages\uiautomator2\core.py", line 260, in _wait_ready
[2026-03-04 18:36:36] [device_AF8YVB1805003480] [DEBUG] uiautomator2 init 输出：self._wait_app_process_ready(launch_timeout)
[2026-03-04 18:36:36] [device_AF8YVB1805003480] [DEBUG] uiautomator2 init 输出：~~~~~~~~~~~~~~~~~~~~~~~~~~~~^^^^^^^^^^^^^^^^
[2026-03-04 18:36:36] [device_AF8YVB1805003480] [DEBUG] uiautomator2 init 输出：File "C:\Users\zyli\AppData\Roaming\Python\Python313\site-packages\uiautomator2\core.py", line 280, in _wait_app_process_ready
[2026-03-04 18:36:36] [device_AF8YVB1805003480] [DEBUG] uiautomator2 init 输出：raise AccessibilityServiceAlreadyRegisteredError(output)
[2026-03-04 18:36:36] [device_AF8YVB1805003480] [DEBUG] uiautomator2 init 输出：uiautomator2.exceptions.AccessibilityServiceAlreadyRegisteredError: [server] INFO: [UiAutomator2Server] Starting Server
[2026-03-04 18:36:36] [device_AF8YVB1805003480] [DEBUG] uiautomator2 init 输出：java.lang.IllegalStateException: UiAutomationService android.accessibilityservice.IAccessibilityServiceClient$Stub$Proxy@1ed7782already registered!
[2026-03-04 18:36:36] [device_AF8YVB1805003480] [DEBUG] uiautomator2 init 输出：at android.os.Parcel.createException(Parcel.java:2091)
[2026-03-04 18:36:36] [device_AF8YVB1805003480] [DEBUG] uiautomator2 init 输出：at android.os.Parcel.readException(Parcel.java:2051)
[2026-03-04 18:36:36] [device_AF8YVB1805003480] [DEBUG] uiautomator2 init 输出：at android.os.Parcel.readException(Parcel.java:1999)
[2026-03-04 18:36:36] [device_AF8YVB1805003480] [DEBUG] uiautomator2 init 输出：at android.view.accessibility.IAccessibilityManager$Stub$Proxy.registerUiTestAutomationService(IAccessibilityManager.java:642)
[2026-03-04 18:36:36] [device_AF8YVB1805003480] [DEBUG] uiautomator2 init 输出：at android.app.UiAutomationConnection.registerUiTestAutomationServiceLocked(UiAutomationConnection.java:451)
[2026-03-04 18:36:36] [device_AF8YVB1805003480] [DEBUG] uiautomator2 init 输出：at android.app.UiAutomationConnection.connect(UiAutomationConnection.java:101)
[2026-03-04 18:36:36] [device_AF8YVB1805003480] [DEBUG] uiautomator2 init 输出：at android.app.UiAutomation.connect(UiAutomation.java:241)
[2026-03-04 18:36:36] [device_AF8YVB1805003480] [DEBUG] uiautomator2 init 输出：at java.lang.reflect.Method.invoke(Native Method)
[2026-03-04 18:36:36] [device_AF8YVB1805003480] [DEBUG] uiautomator2 init 输出：at mirror.RefMethod.call(RefMethod.java:63)
[2026-03-04 18:36:36] [device_AF8YVB1805003480] [DEBUG] uiautomator2 init 输出：at uiautomator.InstrumentShellWrapper.getUiAutomation(InstrumentShellWrapper.java:97)
[2026-03-04 18:36:36] [device_AF8YVB1805003480] [DEBUG] uiautomator2 init 输出：at androidx.test.uiautomator.UiDevice$Api24Impl.getUiAutomationWithRetry(UiDevice.java:1545)
[2026-03-04 18:36:36] [device_AF8YVB1805003480] [DEBUG] uiautomator2 init 输出：at androidx.test.uiautomator.UiDevice.getUiAutomation(UiDevice.java:1468)
[2026-03-04 18:36:36] [device_AF8YVB1805003480] [DEBUG] uiautomator2 init 输出：at androidx.test.uiautomator.QueryController.<init>(QueryController.java:95)
[2026-03-04 18:36:36] [device_AF8YVB1805003480] [DEBUG] uiautomator2 init 输出：at androidx.test.uiautomator.UiDevice.<init>(UiDevice.java:115)
[2026-03-04 18:36:36] [device_AF8YVB1805003480] [DEBUG] uiautomator2 init 输出：at androidx.test.uiautomator.UiDevice.getInstance(UiDevice.java:296)
[2026-03-04 18:36:36] [device_AF8YVB1805003480] [DEBUG] uiautomator2 init 输出：at com.wetest.uia2.Main.runServer(Main.java:50)
[2026-03-04 18:36:36] [device_AF8YVB1805003480] [DEBUG] uiautomator2 init 输出：at com.wetest.uia2.Main.main(Main.java:30)
[2026-03-04 18:36:36] [device_AF8YVB1805003480] [DEBUG] uiautomator2 init 输出：at com.android.internal.os.RuntimeInit.nativeFinishInit(Native Method)
[2026-03-04 18:36:36] [device_AF8YVB1805003480] [DEBUG] uiautomator2 init 输出：at com.android.internal.os.RuntimeInit.main(RuntimeInit.java:359)
[2026-03-04 18:36:36] [device_AF8YVB1805003480] [DEBUG] uiautomator2 init 输出：Caused by: android.os.RemoteException: Remote stack trace:
[2026-03-04 18:36:36] [device_AF8YVB1805003480] [DEBUG] uiautomator2 init 输出：at com.android.server.accessibility.UiAutomationManager.registerUiTestAutomationServiceLocked(UiAutomationManager.java:102)
[2026-03-04 18:36:36] [device_AF8YVB1805003480] [DEBUG] uiautomator2 init 输出：at com.android.server.accessibility.AccessibilityManagerService.registerUiTestAutomationService(AccessibilityManagerService.java:911)
[2026-03-04 18:36:36] [device_AF8YVB1805003480] [DEBUG] uiautomator2 init 输出：at android.view.accessibility.IAccessibilityManager$Stub.onTransact(IAccessibilityManager.java:332)
[2026-03-04 18:36:36] [device_AF8YVB1805003480] [DEBUG] uiautomator2 init 输出：at android.os.Binder.execTransactInternal(Binder.java:1028)
[2026-03-04 18:36:36] [device_AF8YVB1805003480] [DEBUG] uiautomator2 init 输出：at android.os.Binder.execTransact(Binder.java:1001)
[2026-03-04 18:36:36] [device_AF8YVB1805003480] [DEBUG] uiautomator2 init 输出：callee: null 1469/2343
[2026-03-04 18:36:36] [device_AF8YVB1805003480] [DEBUG] uiautomator2 init 输出：
[2026-03-04 18:36:36] [device_AF8YVB1805003480] [DEBUG] uiautomator2 init 输出：java.lang.IllegalStateException: UiAutomation not connected!
[2026-03-04 18:36:36] [device_AF8YVB1805003480] [DEBUG] uiautomator2 init 输出：at android.app.UiAutomation.throwIfNotConnectedLocked(UiAutomation.java:1198)
[2026-03-04 18:36:36] [device_AF8YVB1805003480] [DEBUG] uiautomator2 init 输出：at android.app.UiAutomation.getServiceInfo(UiAutomation.java:495)
[2026-03-04 18:36:36] [device_AF8YVB1805003480] [DEBUG] uiautomator2 init 输出：at androidx.test.uiautomator.UiDevice.getUiAutomation(UiDevice.java:1482)
[2026-03-04 18:36:36] [device_AF8YVB1805003480] [DEBUG] uiautomator2 init 输出：at androidx.test.uiautomator.QueryController.<init>(QueryController.java:95)
[2026-03-04 18:36:36] [device_AF8YVB1805003480] [DEBUG] uiautomator2 init 输出：at androidx.test.uiautomator.UiDevice.<init>(UiDevice.java:115)
[2026-03-04 18:36:36] [device_AF8YVB1805003480] [DEBUG] uiautomator2 init 输出：at androidx.test.uiautomator.UiDevice.getInstance(UiDevice.java:296)
[2026-03-04 18:36:36] [device_AF8YVB1805003480] [DEBUG] uiautomator2 init 输出：at com.wetest.uia2.Main.runServer(Main.java:50)
[2026-03-04 18:36:36] [device_AF8YVB1805003480] [DEBUG] uiautomator2 init 输出：at com.wetest.uia2.Main.main(Main.java:30)
[2026-03-04 18:36:36] [device_AF8YVB1805003480] [DEBUG] uiautomator2 init 输出：at com.android.internal.os.RuntimeInit.nativeFinishInit(Native Method)
[2026-03-04 18:36:36] [device_AF8YVB1805003480] [DEBUG] uiautomator2 init 输出：at com.android.internal.os.RuntimeInit.main(RuntimeInit.java:359)
[2026-03-04 18:36:36] [device_AF8YVB1805003480] [DEBUG] uiautomator2 init 输出：
[2026-03-04 18:36:36] [device_AF8YVB1805003480] [ERROR] 设备AF8YVB1805003480初始化失败：uiautomator2 init 执行失败（返回码：1）
Traceback (most recent call last):
  File "d:\cursor\ums_uiautomator\core\uiautomator.py", line 32, in _init_device
    self._run_uiautomator2_init()
    ~~~~~~~~~~~~~~~~~~~~~~~~~~~^^
  File "d:\cursor\ums_uiautomator\core\uiautomator.py", line 81, in _run_uiautomator2_init
    raise RuntimeError(
        f"uiautomator2 init 执行失败（返回码：{process.returncode}）"
    )
RuntimeError: uiautomator2 init 执行失败（返回码：1）
[2026-03-04 18:36:36] [device_AF8YVB1805003480] [DEBUG] uiautomator2 init 输出：[D 2026-03-04 18:36:36,961 core:243 pid:17356] file u2.jar already pushed
[2026-03-04 18:36:37] [device_AF8YVB1805003480] [INFO] uiautomator2 init 命令执行完成
[2026-03-04 18:36:37] [device_AF8YVB1805003480] [INFO] 设备AF8YVB1805003480初始化成功，已连接uiautomator2
[2026-03-04 18:36:37] [task_2026030418363_42fa] [INFO] 准备测试环境：d:\cursor\ums_uiautomator\result\2026030418363_42fa
[2026-03-04 18:36:37] [task_2026030418363_42fa] [DEBUG] 创建目录成功：d:\cursor\ums_uiautomator\result\2026030418363_42fa\allure_raw
[2026-03-04 18:36:37] [task_2026030418363_42fa] [DEBUG] 创建目录成功：d:\cursor\ums_uiautomator\result\2026030418363_42fa\allure_html
[2026-03-04 18:36:37] [task_2026030418363_42fa] [INFO] 测试目录初始化完成：d:\cursor\ums_uiautomator\result\2026030418363_42fa
[2026-03-04 18:36:37] [task_2026030418363_42fa] [INFO] 测试用例校验通过：d:\cursor\ums_uiautomator\test_suite\simple1.py（文件大小：0.74KB）
[2026-03-04 18:36:37] [task_2026030418363_42fa] [INFO] 开始执行Pytest测试...
[2026-03-04 18:36:38] [device_AF8YVB1805003480] [INFO] 开始初始化设备：AF8YVB1805003480
[2026-03-04 18:36:38] [device_AF8YVB1805003480] [DEBUG] 设备AF8YVB1805003480在线状态：True
[2026-03-04 18:36:38] [device_AF8YVB1805003480] [INFO] 执行初始化命令：python -m uiautomator2 init AF8YVB1805003480
[2026-03-04 18:36:39] [device_AF8YVB1805003480] [DEBUG] uiautomator2 init 输出：[D 2026-03-04 18:36:39,460 core:254 pid:28560] file u2.jar md5: 3564c56e4ef077f92c0fd32bcb42aea1
[2026-03-04 18:36:39] [device_AF8YVB1805003480] [DEBUG] uiautomator2 init 输出：[D 2026-03-04 18:36:39,532 core:243 pid:28560] file u2.jar already pushed
[2026-03-04 18:36:39] [device_AF8YVB1805003480] [DEBUG] uiautomator2 init 输出：[D 2026-03-04 18:36:39,532 core:111 pid:28560] http request GET /ping None
[2026-03-04 18:36:39] [device_AF8YVB1805003480] [DEBUG] uiautomator2 init 输出：[D 2026-03-04 18:36:39,576 core:71 pid:28560] launch uiautomator with cmd: CLASSPATH=/data/local/tmp/u2.jar app_process / com.wetest.uia2.Main
[2026-03-04 18:36:39] [device_AF8YVB1805003480] [DEBUG] uiautomator2 init 输出：[D 2026-03-04 18:36:39,599 core:111 pid:28560] http request GET /ping None
[2026-03-04 18:36:40] [device_AF8YVB1805003480] [DEBUG] uiautomator2 init 输出：[D 2026-03-04 18:36:40,130 core:111 pid:28560] http request GET /ping None
[2026-03-04 18:36:40] [device_AF8YVB1805003480] [DEBUG] uiautomator2 init 输出：[D 2026-03-04 18:36:40,237 core:39 pid:28560] MockAdbProcess: b'[server] INFO: [UiAutomator2Server] Starting Server\n'
[2026-03-04 18:36:40] [device_AF8YVB1805003480] [DEBUG] uiautomator2 init 输出：[D 2026-03-04 18:36:40,419 core:39 pid:28560] MockAdbProcess: b'SLF4J: Failed to load class "org.slf4j.impl.StaticLoggerBinder".\nSLF4J: Defaulting to no-operation (NOP) logger implementation\nSLF4J: See http://www.slf4j.org/codes.html#StaticLoggerBinder for further details.\n'
[2026-03-04 18:36:40] [device_AF8YVB1805003480] [DEBUG] uiautomator2 init 输出：[D 2026-03-04 18:36:40,487 core:39 pid:28560] MockAdbProcess: b'[server] INFO: clipboardManager inited\n'
[2026-03-04 18:36:40] [device_AF8YVB1805003480] [DEBUG] uiautomator2 init 输出：[D 2026-03-04 18:36:40,492 core:39 pid:28560] MockAdbProcess: b'[server] INFO: tmpdir is /data/local/tmp/u2\n'
[2026-03-04 18:36:40] [device_AF8YVB1805003480] [DEBUG] uiautomator2 init 输出：[D 2026-03-04 18:36:40,507 core:39 pid:28560] MockAdbProcess: b'[server] INFO: http server listening on *:9008\n'
[2026-03-04 18:36:40] [device_AF8YVB1805003480] [DEBUG] uiautomator2 init 输出：[D 2026-03-04 18:36:40,664 core:111 pid:28560] http request GET /ping None
[2026-03-04 18:36:40] [device_AF8YVB1805003480] [DEBUG] uiautomator2 init 输出：[D 2026-03-04 18:36:40,705 core:254 pid:28560] file u2.jar md5: 3564c56e4ef077f92c0fd32bcb42aea1
[2026-03-04 18:36:40] [device_AF8YVB1805003480] [DEBUG] uiautomator2 init 输出：[D 2026-03-04 18:36:40,775 core:243 pid:28560] file u2.jar already pushed
[2026-03-04 18:36:40] [device_AF8YVB1805003480] [INFO] uiautomator2 init 命令执行完成
[2026-03-04 18:36:40] [device_AF8YVB1805003480] [INFO] 设备AF8YVB1805003480初始化成功，已连接uiautomator2
[2026-03-04 18:36:41] [device_AF8YVB1805003480] [INFO] 设备AF8YVB1805003480执行亮屏操作
[2026-03-04 18:36:52] [device_AF8YVB1805003480] [INFO] 设备AF8YVB1805003480执行按键操作：home
[2026-03-04 18:36:52] [task_2026030418363_42fa] [INFO] Pytest执行完成（耗时：15.45秒，返回码：1）
[2026-03-04 18:36:52] [task_2026030418363_42fa] [INFO] Pytest日志已保存：d:\cursor\ums_uiautomator\result\2026030418363_42fa\task_2026030418363_42fa.log（大小：0.46KB）
[2026-03-04 18:36:52] [task_2026030418363_42fa] [INFO] 开始生成Allure HTML报告...
[2026-03-04 18:36:52] [task_2026030418363_42fa] [DEBUG] Allure生成命令包含--clean参数
[2026-03-04 18:36:52] [task_2026030418363_42fa] [DEBUG] Allure报告标题：report_2026030418363_42fa
[2026-03-04 18:36:52] [task_2026030418363_42fa] [DEBUG] Allure生成命令：allure generate d:\cursor\ums_uiautomator\result\2026030418363_42fa\allure_raw -o d:\cursor\ums_uiautomator\result\2026030418363_42fa\allure_html --clean --title report_2026030418363_42fa
[2026-03-04 18:37:02] [task_2026030418363_42fa] [INFO] Allure生成日志已保存：d:\cursor\ums_uiautomator\result\2026030418363_42fa\allure_generate.log
[2026-03-04 18:37:02] [task_2026030418363_42fa] [DEBUG] 报告压缩功能已禁用
[2026-03-04 18:37:02] [task_2026030418363_42fa] [INFO] Allure报告生成成功：d:\cursor\ums_uiautomator\result\2026030418363_42fa\allure_html\index.html（目录大小：2432.91MB，耗时：9.7秒）
[2026-03-04 18:37:02] [task_2026030418363_42fa] [INFO] 报告元数据已保存：d:\cursor\ums_uiautomator\result\2026030418363_42fa\report_meta.json
