[2026-03-04 16:50:22] [device_AF8YVB1805003480] [INFO] 开始初始化设备：AF8YVB1805003480
[2026-03-04 16:50:22] [device_AF8YVB1805003480] [DEBUG] 设备AF8YVB1805003480在线状态：True
[2026-03-04 16:50:22] [device_AF8YVB1805003480] [INFO] 执行初始化命令：python -m uiautomator2 init AF8YVB1805003480
[2026-03-04 16:50:23] [device_AF8YVB1805003480] [DEBUG] uiautomator2 init 输出：[D 2026-03-04 16:50:23,492 core:254 pid:21020] file u2.jar md5: 3564c56e4ef077f92c0fd32bcb42aea1
[2026-03-04 16:50:23] [device_AF8YVB1805003480] [DEBUG] uiautomator2 init 输出：[D 2026-03-04 16:50:23,564 core:243 pid:21020] file u2.jar already pushed
[2026-03-04 16:50:23] [device_AF8YVB1805003480] [DEBUG] uiautomator2 init 输出：[D 2026-03-04 16:50:23,564 core:111 pid:21020] http request GET /ping None
[2026-03-04 16:50:23] [device_AF8YVB1805003480] [DEBUG] uiautomator2 init 输出：[D 2026-03-04 16:50:23,596 core:71 pid:21020] launch uiautomator with cmd: CLASSPATH=/data/local/tmp/u2.jar app_process / com.wetest.uia2.Main
[2026-03-04 16:50:23] [device_AF8YVB1805003480] [DEBUG] uiautomator2 init 输出：[D 2026-03-04 16:50:23,618 core:111 pid:21020] http request GET /ping None
[2026-03-04 16:50:24] [device_AF8YVB1805003480] [DEBUG] uiautomator2 init 输出：[D 2026-03-04 16:50:24,151 core:111 pid:21020] http request GET /ping None
[2026-03-04 16:50:24] [device_AF8YVB1805003480] [DEBUG] uiautomator2 init 输出：[D 2026-03-04 16:50:24,253 core:39 pid:21020] MockAdbProcess: b'[server] INFO: [UiAutomator2Server] Starting Server\n'
[2026-03-04 16:50:24] [device_AF8YVB1805003480] [DEBUG] uiautomator2 init 输出：[D 2026-03-04 16:50:24,438 core:39 pid:21020] MockAdbProcess: b'SLF4J: Failed to load class "org.slf4j.impl.StaticLoggerBinder".\nSLF4J: Defaulting to no-operation (NOP) logger implementation\nSLF4J: See http://www.slf4j.org/codes.html#StaticLoggerBinder for further details.\n'
[2026-03-04 16:50:24] [device_AF8YVB1805003480] [DEBUG] uiautomator2 init 输出：[D 2026-03-04 16:50:24,506 core:39 pid:21020] MockAdbProcess: b'[server] INFO: clipboardManager inited\n'
[2026-03-04 16:50:24] [device_AF8YVB1805003480] [DEBUG] uiautomator2 init 输出：[D 2026-03-04 16:50:24,511 core:39 pid:21020] MockAdbProcess: b'[server] INFO: tmpdir is /data/local/tmp/u2\n'
[2026-03-04 16:50:24] [device_AF8YVB1805003480] [DEBUG] uiautomator2 init 输出：[D 2026-03-04 16:50:24,526 core:39 pid:21020] MockAdbProcess: b'[server] INFO: http server listening on *:9008\n'
[2026-03-04 16:50:24] [device_AF8YVB1805003480] [DEBUG] uiautomator2 init 输出：[D 2026-03-04 16:50:24,682 core:111 pid:21020] http request GET /ping None
[2026-03-04 16:50:24] [device_AF8YVB1805003480] [DEBUG] uiautomator2 init 输出：[D 2026-03-04 16:50:24,723 core:254 pid:21020] file u2.jar md5: 3564c56e4ef077f92c0fd32bcb42aea1
[2026-03-04 16:50:24] [device_AF8YVB1805003480] [DEBUG] uiautomator2 init 输出：[D 2026-03-04 16:50:24,794 core:243 pid:21020] file u2.jar already pushed
[2026-03-04 16:50:24] [device_AF8YVB1805003480] [INFO] uiautomator2 init 命令执行完成
[2026-03-04 16:50:24] [device_AF8YVB1805003480] [INFO] 设备AF8YVB1805003480初始化成功，已连接uiautomator2
[2026-03-04 16:50:24] [task_2026030416502_57d8] [INFO] 准备测试环境：d:\cursor\ums_uiautomator\result\2026030416502_57d8
[2026-03-04 16:50:24] [task_2026030416502_57d8] [DEBUG] 创建目录成功：d:\cursor\ums_uiautomator\result\2026030416502_57d8\allure_raw
[2026-03-04 16:50:24] [task_2026030416502_57d8] [DEBUG] 创建目录成功：d:\cursor\ums_uiautomator\result\2026030416502_57d8\allure_html
[2026-03-04 16:50:24] [task_2026030416502_57d8] [INFO] 测试目录初始化完成：d:\cursor\ums_uiautomator\result\2026030416502_57d8
[2026-03-04 16:50:24] [task_2026030416502_57d8] [INFO] 测试用例校验通过：d:\cursor\ums_uiautomator\test_suite\demo.py（文件大小：1.20KB）
[2026-03-04 16:50:24] [task_2026030416502_57d8] [INFO] 开始执行Pytest测试...
[2026-03-04 16:50:26] [device_AF8YVB1805003480] [INFO] 开始初始化设备：AF8YVB1805003480
[2026-03-04 16:50:26] [device_AF8YVB1805003480] [DEBUG] 设备AF8YVB1805003480在线状态：True
[2026-03-04 16:50:26] [device_AF8YVB1805003480] [INFO] 执行初始化命令：python -m uiautomator2 init AF8YVB1805003480
[2026-03-04 16:50:27] [device_AF8YVB1805003480] [DEBUG] uiautomator2 init 输出：[D 2026-03-04 16:50:27,016 core:254 pid:31736] file u2.jar md5: 3564c56e4ef077f92c0fd32bcb42aea1
[2026-03-04 16:50:27] [device_AF8YVB1805003480] [DEBUG] uiautomator2 init 输出：[D 2026-03-04 16:50:27,087 core:243 pid:31736] file u2.jar already pushed
[2026-03-04 16:50:27] [device_AF8YVB1805003480] [DEBUG] uiautomator2 init 输出：[D 2026-03-04 16:50:27,087 core:111 pid:31736] http request GET /ping None
[2026-03-04 16:50:27] [device_AF8YVB1805003480] [DEBUG] uiautomator2 init 输出：[D 2026-03-04 16:50:27,121 core:71 pid:31736] launch uiautomator with cmd: CLASSPATH=/data/local/tmp/u2.jar app_process / com.wetest.uia2.Main
[2026-03-04 16:50:27] [device_AF8YVB1805003480] [DEBUG] uiautomator2 init 输出：[D 2026-03-04 16:50:27,144 core:111 pid:31736] http request GET /ping None
[2026-03-04 16:50:27] [device_AF8YVB1805003480] [DEBUG] uiautomator2 init 输出：[D 2026-03-04 16:50:27,676 core:111 pid:31736] http request GET /ping None
[2026-03-04 16:50:27] [device_AF8YVB1805003480] [DEBUG] uiautomator2 init 输出：[D 2026-03-04 16:50:27,783 core:39 pid:31736] MockAdbProcess: b'[server] INFO: [UiAutomator2Server] Starting Server\n'
[2026-03-04 16:50:27] [device_AF8YVB1805003480] [DEBUG] uiautomator2 init 输出：[D 2026-03-04 16:50:27,971 core:39 pid:31736] MockAdbProcess: b'SLF4J: Failed to load class "org.slf4j.impl.StaticLoggerBinder".\nSLF4J: Defaulting to no-operation (NOP) logger implementation\nSLF4J: See http://www.slf4j.org/codes.html#StaticLoggerBinder for further details.\n'
[2026-03-04 16:50:28] [device_AF8YVB1805003480] [DEBUG] uiautomator2 init 输出：[D 2026-03-04 16:50:28,036 core:39 pid:31736] MockAdbProcess: b'[server] INFO: clipboardManager inited\n'
[2026-03-04 16:50:28] [device_AF8YVB1805003480] [DEBUG] uiautomator2 init 输出：[D 2026-03-04 16:50:28,040 core:39 pid:31736] MockAdbProcess: b'[server] INFO: tmpdir is /data/local/tmp/u2\n'
[2026-03-04 16:50:28] [device_AF8YVB1805003480] [DEBUG] uiautomator2 init 输出：[D 2026-03-04 16:50:28,054 core:39 pid:31736] MockAdbProcess: b'[server] INFO: http server listening on *:9008\n'
[2026-03-04 16:50:28] [device_AF8YVB1805003480] [DEBUG] uiautomator2 init 输出：[D 2026-03-04 16:50:28,209 core:111 pid:31736] http request GET /ping None
[2026-03-04 16:50:28] [device_AF8YVB1805003480] [DEBUG] uiautomator2 init 输出：[D 2026-03-04 16:50:28,251 core:254 pid:31736] file u2.jar md5: 3564c56e4ef077f92c0fd32bcb42aea1
[2026-03-04 16:50:28] [device_AF8YVB1805003480] [DEBUG] uiautomator2 init 输出：[D 2026-03-04 16:50:28,323 core:243 pid:31736] file u2.jar already pushed
[2026-03-04 16:50:28] [device_AF8YVB1805003480] [INFO] uiautomator2 init 命令执行完成
[2026-03-04 16:50:28] [device_AF8YVB1805003480] [INFO] 设备AF8YVB1805003480初始化成功，已连接uiautomator2
[2026-03-04 16:50:29] [device_AF8YVB1805003480] [INFO] 设备AF8YVB1805003480执行亮屏操作
[2026-03-04 16:50:38] [device_AF8YVB1805003480] [INFO] 设备AF8YVB1805003480执行按键操作：home
[2026-03-04 16:50:38] [device_AF8YVB1805003480] [INFO] 设备AF8YVB1805003480执行亮屏操作
[2026-03-04 16:50:39] [device_AF8YVB1805003480] [INFO] 设备AF8YVB1805003480执行按键操作：home
[2026-03-04 16:50:49] [device_AF8YVB1805003480] [INFO] 设备AF8YVB1805003480执行按键操作：home
[2026-03-04 16:50:49] [task_2026030416502_57d8] [INFO] Pytest执行完成（耗时：24.76秒，返回码：0）
[2026-03-04 16:50:49] [task_2026030416502_57d8] [INFO] Pytest日志已保存：d:\cursor\ums_uiautomator\result\2026030416502_57d8\task_2026030416502_57d8.log（大小：1.07KB）
[2026-03-04 16:50:49] [task_2026030416502_57d8] [INFO] 开始生成Allure HTML报告...
[2026-03-04 16:50:49] [task_2026030416502_57d8] [DEBUG] Allure生成命令包含--clean参数
[2026-03-04 16:50:49] [task_2026030416502_57d8] [DEBUG] Allure报告标题：report_2026030416502_57d8
[2026-03-04 16:50:49] [task_2026030416502_57d8] [DEBUG] Allure生成命令：allure generate d:\cursor\ums_uiautomator\result\2026030416502_57d8\allure_raw -o d:\cursor\ums_uiautomator\result\2026030416502_57d8\allure_html --clean --title report_2026030416502_57d8
[2026-03-04 16:50:54] [task_2026030416502_57d8] [INFO] Allure生成日志已保存：d:\cursor\ums_uiautomator\result\2026030416502_57d8\allure_generate.log
[2026-03-04 16:50:54] [task_2026030416502_57d8] [DEBUG] 报告压缩功能已禁用
[2026-03-04 16:50:54] [task_2026030416502_57d8] [INFO] Allure报告生成成功：d:\cursor\ums_uiautomator\result\2026030416502_57d8\allure_html\index.html（目录大小：2438.07MB，耗时：4.43秒）
[2026-03-04 16:50:54] [task_2026030416502_57d8] [INFO] 报告元数据已保存：d:\cursor\ums_uiautomator\result\2026030416502_57d8\report_meta.json
