[2025-09-23 16:23:03] [device_AF8YVB1805003480] [INFO] 开始初始化设备：AF8YVB1805003480
[2025-09-23 16:23:03] [device_AF8YVB1805003480] [DEBUG] 设备AF8YVB1805003480在线状态：True
[2025-09-23 16:23:03] [device_AF8YVB1805003480] [INFO] 执行初始化命令：python -m uiautomator2 init AF8YVB1805003480
[2025-09-23 16:23:03] [device_AF8YVB1805003480] [DEBUG] uiautomator2 init 输出：[D 2025-09-23 16:23:03,687 core:254 pid:3384] file u2.jar md5: 3564c56e4ef077f92c0fd32bcb42aea1
[2025-09-23 16:23:03] [device_AF8YVB1805003480] [DEBUG] uiautomator2 init 输出：[D 2025-09-23 16:23:03,757 core:243 pid:3384] file u2.jar already pushed
[2025-09-23 16:23:03] [device_AF8YVB1805003480] [DEBUG] uiautomator2 init 输出：[D 2025-09-23 16:23:03,758 core:111 pid:3384] http request GET /ping None
[2025-09-23 16:23:03] [device_AF8YVB1805003480] [DEBUG] uiautomator2 init 输出：[D 2025-09-23 16:23:03,790 core:71 pid:3384] launch uiautomator with cmd: CLASSPATH=/data/local/tmp/u2.jar app_process / com.wetest.uia2.Main
[2025-09-23 16:23:03] [device_AF8YVB1805003480] [DEBUG] uiautomator2 init 输出：[D 2025-09-23 16:23:03,810 core:111 pid:3384] http request GET /ping None
[2025-09-23 16:23:04] [device_AF8YVB1805003480] [DEBUG] uiautomator2 init 输出：[D 2025-09-23 16:23:04,341 core:111 pid:3384] http request GET /ping None
[2025-09-23 16:23:04] [device_AF8YVB1805003480] [DEBUG] uiautomator2 init 输出：[D 2025-09-23 16:23:04,461 core:39 pid:3384] MockAdbProcess: b'[server] INFO: [UiAutomator2Server] Starting Server\n'
[2025-09-23 16:23:04] [device_AF8YVB1805003480] [DEBUG] uiautomator2 init 输出：[D 2025-09-23 16:23:04,656 core:39 pid:3384] MockAdbProcess: b'SLF4J: Failed to load class "org.slf4j.impl.StaticLoggerBinder".\nSLF4J: Defaulting to no-operation (NOP) logger implementation\nSLF4J: See http://www.slf4j.org/codes.html#StaticLoggerBinder for further details.\n'
[2025-09-23 16:23:04] [device_AF8YVB1805003480] [DEBUG] uiautomator2 init 输出：[D 2025-09-23 16:23:04,723 core:39 pid:3384] MockAdbProcess: b'[server] INFO: clipboardManager inited\n'
[2025-09-23 16:23:04] [device_AF8YVB1805003480] [DEBUG] uiautomator2 init 输出：[D 2025-09-23 16:23:04,727 core:39 pid:3384] MockAdbProcess: b'[server] INFO: tmpdir is /data/local/tmp/u2\n'
[2025-09-23 16:23:04] [device_AF8YVB1805003480] [DEBUG] uiautomator2 init 输出：[D 2025-09-23 16:23:04,740 core:39 pid:3384] MockAdbProcess: b'[server] INFO: http server listening on *:9008\n'
[2025-09-23 16:23:04] [device_AF8YVB1805003480] [DEBUG] uiautomator2 init 输出：[D 2025-09-23 16:23:04,873 core:111 pid:3384] http request GET /ping None
[2025-09-23 16:23:04] [device_AF8YVB1805003480] [DEBUG] uiautomator2 init 输出：[D 2025-09-23 16:23:04,914 core:254 pid:3384] file u2.jar md5: 3564c56e4ef077f92c0fd32bcb42aea1
[2025-09-23 16:23:05] [device_AF8YVB1805003480] [DEBUG] uiautomator2 init 输出：[D 2025-09-23 16:23:05,010 core:243 pid:3384] file u2.jar already pushed
[2025-09-23 16:23:05] [device_AF8YVB1805003480] [INFO] uiautomator2 init 命令执行完成
[2025-09-23 16:23:07] [device_AF8YVB1805003480] [DEBUG] 执行 atx-agent 版本校验命令：adb -s AF8YVB1805003480 shell /data/local/tmp/atx-agent version
[2025-09-23 16:23:07] [device_AF8YVB1805003480] [INFO] 设备AF8YVB1805003480初始化成功
[2025-09-23 16:23:07] [task_2025092316230_9c6b] [INFO] 准备测试环境：D:\PyCharmProjects\ums_uiautomator\dist\result\2025092316230_9c6b
[2025-09-23 16:23:07] [task_2025092316230_9c6b] [DEBUG] 创建目录成功：D:\PyCharmProjects\ums_uiautomator\dist\result\2025092316230_9c6b\allure_raw
[2025-09-23 16:23:07] [task_2025092316230_9c6b] [DEBUG] 创建目录成功：D:\PyCharmProjects\ums_uiautomator\dist\result\2025092316230_9c6b\allure_html
[2025-09-23 16:23:07] [task_2025092316230_9c6b] [INFO] 测试目录初始化完成：D:\PyCharmProjects\ums_uiautomator\dist\result\2025092316230_9c6b
[2025-09-23 16:23:07] [task_2025092316230_9c6b] [INFO] 测试用例校验通过：D:\PyCharmProjects\ums_uiautomator\dist\test_suite\demo.py（文件大小：0.92KB）
[2025-09-23 16:23:07] [task_2025092316230_9c6b] [INFO] 开始执行Pytest测试...
[2025-09-23 16:23:08] [device_AF8YVB1805003480] [INFO] 开始初始化设备：AF8YVB1805003480
[2025-09-23 16:23:08] [device_AF8YVB1805003480] [DEBUG] 设备AF8YVB1805003480在线状态：True
[2025-09-23 16:23:08] [device_AF8YVB1805003480] [INFO] 执行初始化命令：python -m uiautomator2 init AF8YVB1805003480
[2025-09-23 16:23:08] [device_AF8YVB1805003480] [DEBUG] uiautomator2 init 输出：[D 2025-09-23 16:23:08,633 core:254 pid:32544] file u2.jar md5: 3564c56e4ef077f92c0fd32bcb42aea1
[2025-09-23 16:23:08] [device_AF8YVB1805003480] [DEBUG] uiautomator2 init 输出：[D 2025-09-23 16:23:08,703 core:243 pid:32544] file u2.jar already pushed
[2025-09-23 16:23:08] [device_AF8YVB1805003480] [DEBUG] uiautomator2 init 输出：[D 2025-09-23 16:23:08,704 core:111 pid:32544] http request GET /ping None
[2025-09-23 16:23:08] [device_AF8YVB1805003480] [DEBUG] uiautomator2 init 输出：[D 2025-09-23 16:23:08,753 core:71 pid:32544] launch uiautomator with cmd: CLASSPATH=/data/local/tmp/u2.jar app_process / com.wetest.uia2.Main
[2025-09-23 16:23:08] [device_AF8YVB1805003480] [DEBUG] uiautomator2 init 输出：[D 2025-09-23 16:23:08,773 core:111 pid:32544] http request GET /ping None
[2025-09-23 16:23:09] [device_AF8YVB1805003480] [DEBUG] uiautomator2 init 输出：[D 2025-09-23 16:23:09,303 core:111 pid:32544] http request GET /ping None
[2025-09-23 16:23:09] [device_AF8YVB1805003480] [DEBUG] uiautomator2 init 输出：[D 2025-09-23 16:23:09,435 core:39 pid:32544] MockAdbProcess: b'[server] INFO: [UiAutomator2Server] Starting Server\n'
[2025-09-23 16:23:09] [device_AF8YVB1805003480] [DEBUG] uiautomator2 init 输出：[D 2025-09-23 16:23:09,626 core:39 pid:32544] MockAdbProcess: b'SLF4J: Failed to load class "org.slf4j.impl.StaticLoggerBinder".\nSLF4J: Defaulting to no-operation (NOP) logger implementation\nSLF4J: See http://www.slf4j.org/codes.html#StaticLoggerBinder for further details.\n'
[2025-09-23 16:23:09] [device_AF8YVB1805003480] [DEBUG] uiautomator2 init 输出：[D 2025-09-23 16:23:09,686 core:39 pid:32544] MockAdbProcess: b'[server] INFO: clipboardManager inited\n'
[2025-09-23 16:23:09] [device_AF8YVB1805003480] [DEBUG] uiautomator2 init 输出：[D 2025-09-23 16:23:09,689 core:39 pid:32544] MockAdbProcess: b'[server] INFO: tmpdir is /data/local/tmp/u2\n'
[2025-09-23 16:23:09] [device_AF8YVB1805003480] [DEBUG] uiautomator2 init 输出：[D 2025-09-23 16:23:09,703 core:39 pid:32544] MockAdbProcess: b'[server] INFO: http server listening on *:9008\n'
[2025-09-23 16:23:09] [device_AF8YVB1805003480] [DEBUG] uiautomator2 init 输出：[D 2025-09-23 16:23:09,833 core:111 pid:32544] http request GET /ping None
[2025-09-23 16:23:09] [device_AF8YVB1805003480] [DEBUG] uiautomator2 init 输出：[D 2025-09-23 16:23:09,890 core:254 pid:32544] file u2.jar md5: 3564c56e4ef077f92c0fd32bcb42aea1
[2025-09-23 16:23:09] [device_AF8YVB1805003480] [DEBUG] uiautomator2 init 输出：[D 2025-09-23 16:23:09,961 core:243 pid:32544] file u2.jar already pushed
[2025-09-23 16:23:10] [device_AF8YVB1805003480] [INFO] uiautomator2 init 命令执行完成
[2025-09-23 16:23:12] [device_AF8YVB1805003480] [DEBUG] 执行 atx-agent 版本校验命令：adb -s AF8YVB1805003480 shell /data/local/tmp/atx-agent version
[2025-09-23 16:23:12] [device_AF8YVB1805003480] [INFO] 设备AF8YVB1805003480初始化成功
[2025-09-23 16:23:12] [device_AF8YVB1805003480] [INFO] 设备AF8YVB1805003480执行亮屏操作
[2025-09-23 16:23:13] [device_AF8YVB1805003480] [INFO] 设备AF8YVB1805003480执行按键操作：home
[2025-09-23 16:23:13] [device_AF8YVB1805003480] [INFO] 设备AF8YVB1805003480执行按键操作：home
[2025-09-23 16:23:13] [task_2025092316230_9c6b] [INFO] Pytest执行完成（耗时：6.73秒，返回码：1）
[2025-09-23 16:23:13] [task_2025092316230_9c6b] [INFO] Pytest日志已保存：D:\PyCharmProjects\ums_uiautomator\dist\result\2025092316230_9c6b\task_2025092316230_9c6b.log（大小：0.48KB）
[2025-09-23 16:23:13] [task_2025092316230_9c6b] [INFO] 开始生成Allure HTML报告...
[2025-09-23 16:23:13] [task_2025092316230_9c6b] [DEBUG] Allure生成命令包含--clean参数
[2025-09-23 16:23:13] [task_2025092316230_9c6b] [DEBUG] Allure报告标题：report_2025092316230_9c6b
[2025-09-23 16:23:13] [task_2025092316230_9c6b] [DEBUG] Allure生成命令：allure generate D:\PyCharmProjects\ums_uiautomator\dist\result\2025092316230_9c6b\allure_raw -o D:\PyCharmProjects\ums_uiautomator\dist\result\2025092316230_9c6b\allure_html --clean --title report_2025092316230_9c6b
[2025-09-23 16:23:17] [task_2025092316230_9c6b] [INFO] Allure生成日志已保存：D:\PyCharmProjects\ums_uiautomator\dist\result\2025092316230_9c6b\allure_generate.log
[2025-09-23 16:23:17] [task_2025092316230_9c6b] [DEBUG] 报告压缩功能已禁用
[2025-09-23 16:23:17] [task_2025092316230_9c6b] [INFO] Allure报告生成成功：D:\PyCharmProjects\ums_uiautomator\dist\result\2025092316230_9c6b\allure_html\index.html（目录大小：2433.26MB，耗时：3.61秒）
[2025-09-23 16:23:17] [task_2025092316230_9c6b] [INFO] 报告元数据已保存：D:\PyCharmProjects\ums_uiautomator\dist\result\2025092316230_9c6b\report_meta.json
