[2026-03-13 15:35:10] [device_AF8YVB1805003480] [INFO] 开始初始化设备：AF8YVB1805003480
[2026-03-13 15:35:10] [device_AF8YVB1805003480] [INFO] 开始初始化设备：AF8YVB1805003480
[2026-03-13 15:35:10] [device_AF8YVB1805003480] [DEBUG] 设备AF8YVB1805003480在线状态：True
[2026-03-13 15:35:10] [device_AF8YVB1805003480] [DEBUG] 尝试直接连接已存在的 uiautomator2 会话：AF8YVB1805003480
[2026-03-13 15:35:10] [device_AF8YVB1805003480] [DEBUG] 设备AF8YVB1805003480在线状态：True
[2026-03-13 15:35:10] [device_AF8YVB1805003480] [DEBUG] 尝试直接连接已存在的 uiautomator2 会话：AF8YVB1805003480
[2026-03-13 15:35:12] [device_AF8YVB1805003480] [INFO] 设备AF8YVB1805003480已存在可用的 uiautomator2 会话，跳过 init
[2026-03-13 15:35:12] [device_AF8YVB1805003480] [INFO] 设备AF8YVB1805003480已存在可用的 uiautomator2 会话，跳过 init
[2026-03-13 15:35:12] [task_2026031315351_88bb] [INFO] 准备测试环境：D:\cursor\ums_uiautomator\dist\result\2026031315351_88bb
[2026-03-13 15:35:12] [task_2026031315351_88bb] [DEBUG] 创建目录成功：D:\cursor\ums_uiautomator\dist\result\2026031315351_88bb\allure_raw
[2026-03-13 15:35:12] [task_2026031315351_88bb] [DEBUG] 创建目录成功：D:\cursor\ums_uiautomator\dist\result\2026031315351_88bb\allure_html
[2026-03-13 15:35:12] [task_2026031315351_88bb] [INFO] 测试目录初始化完成：D:\cursor\ums_uiautomator\dist\result\2026031315351_88bb
[2026-03-13 15:35:12] [task_2026031315351_88bb] [INFO] 测试用例校验通过：D:\cursor\ums_uiautomator\dist\test_suite\demo.py（文件大小：1.20KB）
[2026-03-13 15:35:12] [task_2026031315351_88bb] [INFO] 开始执行Pytest测试...
[2026-03-13 15:35:13] [device_AF8YVB1805003480] [INFO] 开始初始化设备：AF8YVB1805003480
[2026-03-13 15:35:13] [device_AF8YVB1805003480] [DEBUG] 设备AF8YVB1805003480在线状态：True
[2026-03-13 15:35:13] [device_AF8YVB1805003480] [DEBUG] 尝试直接连接已存在的 uiautomator2 会话：AF8YVB1805003480
[2026-03-13 15:35:13] [device_AF8YVB1805003480] [INFO] 设备AF8YVB1805003480已存在可用的 uiautomator2 会话，跳过 init
[2026-03-13 15:35:14] [device_AF8YVB1805003480] [INFO] 设备AF8YVB1805003480执行亮屏操作
[2026-03-13 15:35:22] [device_AF8YVB1805003480] [INFO] 设备AF8YVB1805003480执行按键操作：home
[2026-03-13 15:35:22] [device_AF8YVB1805003480] [INFO] 设备AF8YVB1805003480执行亮屏操作
[2026-03-13 15:35:23] [device_AF8YVB1805003480] [INFO] 设备AF8YVB1805003480执行按键操作：home
[2026-03-13 15:35:33] [device_AF8YVB1805003480] [INFO] 设备AF8YVB1805003480执行按键操作：home
[2026-03-13 15:35:33] [task_2026031315351_88bb] [INFO] Pytest执行完成（耗时：21.63秒，返回码：0）
[2026-03-13 15:35:33] [task_2026031315351_88bb] [INFO] Pytest日志已保存：D:\cursor\ums_uiautomator\dist\result\2026031315351_88bb\task_2026031315351_88bb.log（大小：1.09KB）
[2026-03-13 15:35:33] [task_2026031315351_88bb] [INFO] 开始生成Allure HTML报告...
[2026-03-13 15:35:33] [task_2026031315351_88bb] [DEBUG] Allure生成命令包含--clean参数
[2026-03-13 15:35:33] [task_2026031315351_88bb] [DEBUG] Allure报告标题：report_2026031315351_88bb
[2026-03-13 15:35:33] [task_2026031315351_88bb] [DEBUG] Allure生成命令：allure generate D:\cursor\ums_uiautomator\dist\result\2026031315351_88bb\allure_raw -o D:\cursor\ums_uiautomator\dist\result\2026031315351_88bb\allure_html --clean --title report_2026031315351_88bb
[2026-03-13 15:35:37] [task_2026031315351_88bb] [INFO] Allure生成日志已保存：D:\cursor\ums_uiautomator\dist\result\2026031315351_88bb\allure_generate.log
[2026-03-13 15:35:37] [task_2026031315351_88bb] [DEBUG] 报告压缩功能已禁用
[2026-03-13 15:35:37] [task_2026031315351_88bb] [INFO] Allure报告生成成功：D:\cursor\ums_uiautomator\dist\result\2026031315351_88bb\allure_html\index.html（目录大小：2433.19MB，耗时：3.98秒）
[2026-03-13 15:35:37] [task_2026031315351_88bb] [INFO] 报告元数据已保存：D:\cursor\ums_uiautomator\dist\result\2026031315351_88bb\report_meta.json
