[2026-03-13 15:35:10] [device_AF8YVB1805003480] [INFO] 开始初始化设备：AF8YVB1805003480
[2026-03-13 15:35:10] [device_AF8YVB1805003480] [INFO] 开始初始化设备：AF8YVB1805003480
[2026-03-13 15:35:10] [device_AF8YVB1805003480] [DEBUG] 设备AF8YVB1805003480在线状态：True
[2026-03-13 15:35:10] [device_AF8YVB1805003480] [DEBUG] 尝试直接连接已存在的 uiautomator2 会话：AF8YVB1805003480
[2026-03-13 15:35:10] [device_AF8YVB1805003480] [DEBUG] 设备AF8YVB1805003480在线状态：True
[2026-03-13 15:35:10] [device_AF8YVB1805003480] [DEBUG] 尝试直接连接已存在的 uiautomator2 会话：AF8YVB1805003480
[2026-03-13 15:35:12] [device_AF8YVB1805003480] [INFO] 设备AF8YVB1805003480已存在可用的 uiautomator2 会话，跳过 init
[2026-03-13 15:35:12] [task_2026031315351_b75c] [INFO] 准备测试环境：D:\cursor\ums_uiautomator\dist\result\2026031315351_b75c
[2026-03-13 15:35:12] [task_2026031315351_b75c] [DEBUG] 创建目录成功：D:\cursor\ums_uiautomator\dist\result\2026031315351_b75c\allure_raw
[2026-03-13 15:35:12] [task_2026031315351_b75c] [DEBUG] 创建目录成功：D:\cursor\ums_uiautomator\dist\result\2026031315351_b75c\allure_html
[2026-03-13 15:35:12] [task_2026031315351_b75c] [INFO] 测试目录初始化完成：D:\cursor\ums_uiautomator\dist\result\2026031315351_b75c
[2026-03-13 15:35:12] [task_2026031315351_b75c] [INFO] 测试用例校验通过：D:\cursor\ums_uiautomator\dist\test_suite\test.py（文件大小：1.52KB）
[2026-03-13 15:35:12] [task_2026031315351_b75c] [INFO] 开始执行Pytest测试...
[2026-03-13 15:35:12] [device_AF8YVB1805003480] [INFO] 设备AF8YVB1805003480已存在可用的 uiautomator2 会话，跳过 init
[2026-03-13 15:35:13] [device_AF8YVB1805003480] [INFO] 开始初始化设备：AF8YVB1805003480
[2026-03-13 15:35:13] [device_AF8YVB1805003480] [DEBUG] 设备AF8YVB1805003480在线状态：True
[2026-03-13 15:35:13] [device_AF8YVB1805003480] [DEBUG] 尝试直接连接已存在的 uiautomator2 会话：AF8YVB1805003480
[2026-03-13 15:35:13] [device_AF8YVB1805003480] [INFO] 设备AF8YVB1805003480已存在可用的 uiautomator2 会话，跳过 init
[2026-03-13 15:35:14] [device_AF8YVB1805003480] [INFO] 设备AF8YVB1805003480执行亮屏操作
[2026-03-13 15:35:15] [device_AF8YVB1805003480] [ERROR] 设备AF8YVB1805003480检查文本'相机'失败：[Errno 2] No such file or directory: '/tmp/window_dump.xml'
Traceback (most recent call last):
  File "D:\cursor\ums_uiautomator\dist\core\uiautomator.py", line 200, in check_text_exists
    with open("/tmp/window_dump.xml", "r", encoding="utf-8") as f:
         ~~~~^^^^^^^^^^^^^^^^^^^^^^^^^^^^^^^^^^^^^^^^^^^^^^^
FileNotFoundError: [Errno 2] No such file or directory: '/tmp/window_dump.xml'
[2026-03-13 15:35:16] [device_AF8YVB1805003480] [INFO] 设备AF8YVB1805003480执行按键操作：home
[2026-03-13 15:35:16] [device_AF8YVB1805003480] [INFO] 设备AF8YVB1805003480执行亮屏操作
[2026-03-13 15:35:17] [device_AF8YVB1805003480] [INFO] 设备AF8YVB1805003480执行按键操作：home
[2026-03-13 15:35:17] [device_AF8YVB1805003480] [INFO] 设备AF8YVB1805003480执行亮屏操作
[2026-03-13 15:35:18] [device_AF8YVB1805003480] [INFO] 设备AF8YVB1805003480点击坐标：(100, 100)
[2026-03-13 15:35:18] [device_AF8YVB1805003480] [INFO] 设备AF8YVB1805003480点击坐标：(200, 200)
[2026-03-13 15:35:18] [device_AF8YVB1805003480] [INFO] 两次点击操作完成，测试通过
[2026-03-13 15:35:19] [device_AF8YVB1805003480] [INFO] 设备AF8YVB1805003480执行按键操作：home
[2026-03-13 15:35:19] [task_2026031315351_b75c] [INFO] Pytest执行完成（耗时：7.07秒，返回码：1）
[2026-03-13 15:35:19] [task_2026031315351_b75c] [INFO] Pytest日志已保存：D:\cursor\ums_uiautomator\dist\result\2026031315351_b75c\task_2026031315351_b75c.log（大小：0.46KB）
[2026-03-13 15:35:19] [task_2026031315351_b75c] [INFO] 开始生成Allure HTML报告...
[2026-03-13 15:35:19] [task_2026031315351_b75c] [DEBUG] Allure生成命令包含--clean参数
[2026-03-13 15:35:19] [task_2026031315351_b75c] [DEBUG] Allure报告标题：report_2026031315351_b75c
[2026-03-13 15:35:19] [task_2026031315351_b75c] [DEBUG] Allure生成命令：allure generate D:\cursor\ums_uiautomator\dist\result\2026031315351_b75c\allure_raw -o D:\cursor\ums_uiautomator\dist\result\2026031315351_b75c\allure_html --clean --title report_2026031315351_b75c
[2026-03-13 15:35:23] [task_2026031315351_b75c] [INFO] Allure生成日志已保存：D:\cursor\ums_uiautomator\dist\result\2026031315351_b75c\allure_generate.log
[2026-03-13 15:35:23] [task_2026031315351_b75c] [DEBUG] 报告压缩功能已禁用
[2026-03-13 15:35:23] [task_2026031315351_b75c] [INFO] Allure报告生成成功：D:\cursor\ums_uiautomator\dist\result\2026031315351_b75c\allure_html\index.html（目录大小：2448.80MB，耗时：3.92秒）
[2026-03-13 15:35:23] [task_2026031315351_b75c] [INFO] 报告元数据已保存：D:\cursor\ums_uiautomator\dist\result\2026031315351_b75c\report_meta.json
