[2025-09-25 11:31:31] [device_AF8YVB1805003480] [INFO] 开始初始化设备：AF8YVB1805003480
[2025-09-25 11:31:31] [device_AF8YVB1805003480] [DEBUG] 设备AF8YVB1805003480在线状态：True
[2025-09-25 11:31:31] [device_AF8YVB1805003480] [INFO] 执行初始化命令：python -m uiautomator2 init AF8YVB1805003480
[2025-09-25 11:31:32] [device_AF8YVB1805003480] [DEBUG] uiautomator2 init 输出：[D 2025-09-25 11:31:32,083 core:254 pid:5888] file u2.jar md5: 3564c56e4ef077f92c0fd32bcb42aea1
[2025-09-25 11:31:32] [device_AF8YVB1805003480] [DEBUG] uiautomator2 init 输出：[D 2025-09-25 11:31:32,152 core:243 pid:5888] file u2.jar already pushed
[2025-09-25 11:31:32] [device_AF8YVB1805003480] [DEBUG] uiautomator2 init 输出：[D 2025-09-25 11:31:32,152 core:111 pid:5888] http request GET /ping None
[2025-09-25 11:31:32] [device_AF8YVB1805003480] [DEBUG] uiautomator2 init 输出：[D 2025-09-25 11:31:32,184 core:71 pid:5888] launch uiautomator with cmd: CLASSPATH=/data/local/tmp/u2.jar app_process / com.wetest.uia2.Main
[2025-09-25 11:31:32] [device_AF8YVB1805003480] [DEBUG] uiautomator2 init 输出：[D 2025-09-25 11:31:32,204 core:111 pid:5888] http request GET /ping None
[2025-09-25 11:31:32] [device_AF8YVB1805003480] [DEBUG] uiautomator2 init 输出：[D 2025-09-25 11:31:32,735 core:111 pid:5888] http request GET /ping None
[2025-09-25 11:31:32] [device_AF8YVB1805003480] [DEBUG] uiautomator2 init 输出：[D 2025-09-25 11:31:32,838 core:39 pid:5888] MockAdbProcess: b'[server] INFO: [UiAutomator2Server] Starting Server\n'
[2025-09-25 11:31:33] [device_AF8YVB1805003480] [DEBUG] uiautomator2 init 输出：[D 2025-09-25 11:31:33,027 core:39 pid:5888] MockAdbProcess: b'SLF4J: Failed to load class "org.slf4j.impl.StaticLoggerBinder".\nSLF4J: Defaulting to no-operation (NOP) logger implementation\nSLF4J: See http://www.slf4j.org/codes.html#StaticLoggerBinder for further details.\n'
[2025-09-25 11:31:33] [device_AF8YVB1805003480] [DEBUG] uiautomator2 init 输出：[D 2025-09-25 11:31:33,093 core:39 pid:5888] MockAdbProcess: b'[server] INFO: clipboardManager inited\n'
[2025-09-25 11:31:33] [device_AF8YVB1805003480] [DEBUG] uiautomator2 init 输出：[D 2025-09-25 11:31:33,097 core:39 pid:5888] MockAdbProcess: b'[server] INFO: tmpdir is /data/local/tmp/u2\n'
[2025-09-25 11:31:33] [device_AF8YVB1805003480] [DEBUG] uiautomator2 init 输出：[D 2025-09-25 11:31:33,111 core:39 pid:5888] MockAdbProcess: b'[server] INFO: http server listening on *:9008\n'
[2025-09-25 11:31:33] [device_AF8YVB1805003480] [DEBUG] uiautomator2 init 输出：[D 2025-09-25 11:31:33,279 core:111 pid:5888] http request GET /ping None
[2025-09-25 11:31:33] [device_AF8YVB1805003480] [DEBUG] uiautomator2 init 输出：[D 2025-09-25 11:31:33,320 core:254 pid:5888] file u2.jar md5: 3564c56e4ef077f92c0fd32bcb42aea1
[2025-09-25 11:31:33] [device_AF8YVB1805003480] [DEBUG] uiautomator2 init 输出：[D 2025-09-25 11:31:33,389 core:243 pid:5888] file u2.jar already pushed
[2025-09-25 11:31:33] [device_AF8YVB1805003480] [INFO] uiautomator2 init 命令执行完成
[2025-09-25 11:31:35] [device_AF8YVB1805003480] [DEBUG] 执行 atx-agent 版本校验命令：adb -s AF8YVB1805003480 shell /data/local/tmp/atx-agent version
[2025-09-25 11:31:35] [device_AF8YVB1805003480] [ERROR] 设备AF8YVB1805003480初始化失败：Resource assets/u2.jar not found in uiautomator2 package.
Traceback (most recent call last):
  File "D:\PyCharmProjects\ums_uiautomator\dist\core\uiautomator.py", line 38, in _init_device
    self._device = u2.connect(self.device_id)
                   ~~~~~~~~~~^^^^^^^^^^^^^^^^
  File "uiautomator2\__init__.py", line 947, in connect
  File "uiautomator2\__init__.py", line 963, in connect_usb
  File "uiautomator2\base.py", line 38, in __init__
  File "uiautomator2\core.py", line 212, in __init__
  File "uiautomator2\core.py", line 231, in start_uiautomator
  File "uiautomator2\core.py", line 240, in _setup_jar
  File "contextlib.py", line 141, in __enter__
  File "uiautomator2\utils.py", line 54, in with_package_resource
FileNotFoundError: Resource assets/u2.jar not found in uiautomator2 package.
